CRITICAL - 2021-09-08 15:52:06 --> The framework needs the following extension(s) installed and loaded: intl.
#0 F:\Projects\mobasher\ci4\system\CodeIgniter.php(218): CodeIgniter\Exceptions\FrameworkException::forMissingExtension('intl')
#1 F:\Projects\mobasher\ci4\system\CodeIgniter.php(176): CodeIgniter\CodeIgniter->resolvePlatformExtensions()
#2 F:\Projects\mobasher\ci4\system\bootstrap.php(146): CodeIgniter\CodeIgniter->initialize()
#3 F:\Projects\mobasher\ci4\public\index.php(28): require('F:\\Projects\\mob...')
#4 {main}
CRITICAL - 2021-09-08 15:52:09 --> The framework needs the following extension(s) installed and loaded: intl.
#0 F:\Projects\mobasher\ci4\system\CodeIgniter.php(218): CodeIgniter\Exceptions\FrameworkException::forMissingExtension('intl')
#1 F:\Projects\mobasher\ci4\system\CodeIgniter.php(176): CodeIgniter\CodeIgniter->resolvePlatformExtensions()
#2 F:\Projects\mobasher\ci4\system\bootstrap.php(146): CodeIgniter\CodeIgniter->initialize()
#3 F:\Projects\mobasher\ci4\public\index.php(28): require('F:\\Projects\\mob...')
#4 {main}
CRITICAL - 2021-09-08 15:52:10 --> The framework needs the following extension(s) installed and loaded: intl.
#0 F:\Projects\mobasher\ci4\system\CodeIgniter.php(218): CodeIgniter\Exceptions\FrameworkException::forMissingExtension('intl')
#1 F:\Projects\mobasher\ci4\system\CodeIgniter.php(176): CodeIgniter\CodeIgniter->resolvePlatformExtensions()
#2 F:\Projects\mobasher\ci4\system\bootstrap.php(146): CodeIgniter\CodeIgniter->initialize()
#3 F:\Projects\mobasher\ci4\public\index.php(28): require('F:\\Projects\\mob...')
#4 {main}
CRITICAL - 2021-09-08 15:52:10 --> The framework needs the following extension(s) installed and loaded: intl.
#0 F:\Projects\mobasher\ci4\system\CodeIgniter.php(218): CodeIgniter\Exceptions\FrameworkException::forMissingExtension('intl')
#1 F:\Projects\mobasher\ci4\system\CodeIgniter.php(176): CodeIgniter\CodeIgniter->resolvePlatformExtensions()
#2 F:\Projects\mobasher\ci4\system\bootstrap.php(146): CodeIgniter\CodeIgniter->initialize()
#3 F:\Projects\mobasher\ci4\public\index.php(28): require('F:\\Projects\\mob...')
#4 {main}
CRITICAL - 2021-09-08 15:53:10 --> The framework needs the following extension(s) installed and loaded: intl.
#0 F:\Projects\mobasher\ci4\system\CodeIgniter.php(218): CodeIgniter\Exceptions\FrameworkException::forMissingExtension('intl')
#1 F:\Projects\mobasher\ci4\system\CodeIgniter.php(176): CodeIgniter\CodeIgniter->resolvePlatformExtensions()
#2 F:\Projects\mobasher\ci4\system\bootstrap.php(146): CodeIgniter\CodeIgniter->initialize()
#3 F:\Projects\mobasher\ci4\public\index.php(28): require('F:\\Projects\\mob...')
#4 {main}
CRITICAL - 2021-09-08 15:56:23 --> The framework needs the following extension(s) installed and loaded: intl.
#0 F:\Projects\mobasher\ci4\system\CodeIgniter.php(218): CodeIgniter\Exceptions\FrameworkException::forMissingExtension('intl')
#1 F:\Projects\mobasher\ci4\system\CodeIgniter.php(176): CodeIgniter\CodeIgniter->resolvePlatformExtensions()
#2 F:\Projects\mobasher\ci4\system\bootstrap.php(146): CodeIgniter\CodeIgniter->initialize()
#3 F:\Projects\mobasher\ci4\public\index.php(28): require('F:\\Projects\\mob...')
#4 {main}
CRITICAL - 2021-09-08 15:56:23 --> The framework needs the following extension(s) installed and loaded: intl.
#0 F:\Projects\mobasher\ci4\system\CodeIgniter.php(218): CodeIgniter\Exceptions\FrameworkException::forMissingExtension('intl')
#1 F:\Projects\mobasher\ci4\system\CodeIgniter.php(176): CodeIgniter\CodeIgniter->resolvePlatformExtensions()
#2 F:\Projects\mobasher\ci4\system\bootstrap.php(146): CodeIgniter\CodeIgniter->initialize()
#3 F:\Projects\mobasher\ci4\public\index.php(28): require('F:\\Projects\\mob...')
#4 {main}
CRITICAL - 2021-09-08 15:56:24 --> The framework needs the following extension(s) installed and loaded: intl.
#0 F:\Projects\mobasher\ci4\system\CodeIgniter.php(218): CodeIgniter\Exceptions\FrameworkException::forMissingExtension('intl')
#1 F:\Projects\mobasher\ci4\system\CodeIgniter.php(176): CodeIgniter\CodeIgniter->resolvePlatformExtensions()
#2 F:\Projects\mobasher\ci4\system\bootstrap.php(146): CodeIgniter\CodeIgniter->initialize()
#3 F:\Projects\mobasher\ci4\public\index.php(28): require('F:\\Projects\\mob...')
#4 {main}
CRITICAL - 2021-09-08 15:56:25 --> The framework needs the following extension(s) installed and loaded: intl.
#0 F:\Projects\mobasher\ci4\system\CodeIgniter.php(218): CodeIgniter\Exceptions\FrameworkException::forMissingExtension('intl')
#1 F:\Projects\mobasher\ci4\system\CodeIgniter.php(176): CodeIgniter\CodeIgniter->resolvePlatformExtensions()
#2 F:\Projects\mobasher\ci4\system\bootstrap.php(146): CodeIgniter\CodeIgniter->initialize()
#3 F:\Projects\mobasher\ci4\public\index.php(28): require('F:\\Projects\\mob...')
#4 {main}
CRITICAL - 2021-09-08 15:59:16 --> The framework needs the following extension(s) installed and loaded: intl.
#0 F:\Projects\mobasher\ci4\system\CodeIgniter.php(218): CodeIgniter\Exceptions\FrameworkException::forMissingExtension('intl')
#1 F:\Projects\mobasher\ci4\system\CodeIgniter.php(176): CodeIgniter\CodeIgniter->resolvePlatformExtensions()
#2 F:\Projects\mobasher\ci4\system\bootstrap.php(146): CodeIgniter\CodeIgniter->initialize()
#3 F:\Projects\mobasher\ci4\public\index.php(28): require('F:\\Projects\\mob...')
#4 {main}
CRITICAL - 2021-09-08 15:59:17 --> The framework needs the following extension(s) installed and loaded: intl.
#0 F:\Projects\mobasher\ci4\system\CodeIgniter.php(218): CodeIgniter\Exceptions\FrameworkException::forMissingExtension('intl')
#1 F:\Projects\mobasher\ci4\system\CodeIgniter.php(176): CodeIgniter\CodeIgniter->resolvePlatformExtensions()
#2 F:\Projects\mobasher\ci4\system\bootstrap.php(146): CodeIgniter\CodeIgniter->initialize()
#3 F:\Projects\mobasher\ci4\public\index.php(28): require('F:\\Projects\\mob...')
#4 {main}
CRITICAL - 2021-09-08 15:59:17 --> The framework needs the following extension(s) installed and loaded: intl.
#0 F:\Projects\mobasher\ci4\system\CodeIgniter.php(218): CodeIgniter\Exceptions\FrameworkException::forMissingExtension('intl')
#1 F:\Projects\mobasher\ci4\system\CodeIgniter.php(176): CodeIgniter\CodeIgniter->resolvePlatformExtensions()
#2 F:\Projects\mobasher\ci4\system\bootstrap.php(146): CodeIgniter\CodeIgniter->initialize()
#3 F:\Projects\mobasher\ci4\public\index.php(28): require('F:\\Projects\\mob...')
#4 {main}
CRITICAL - 2021-09-08 15:59:17 --> The framework needs the following extension(s) installed and loaded: intl.
#0 F:\Projects\mobasher\ci4\system\CodeIgniter.php(218): CodeIgniter\Exceptions\FrameworkException::forMissingExtension('intl')
#1 F:\Projects\mobasher\ci4\system\CodeIgniter.php(176): CodeIgniter\CodeIgniter->resolvePlatformExtensions()
#2 F:\Projects\mobasher\ci4\system\bootstrap.php(146): CodeIgniter\CodeIgniter->initialize()
#3 F:\Projects\mobasher\ci4\public\index.php(28): require('F:\\Projects\\mob...')
#4 {main}
CRITICAL - 2021-09-08 15:59:33 --> The framework needs the following extension(s) installed and loaded: intl.
#0 F:\Projects\mobasher\ci4\system\CodeIgniter.php(218): CodeIgniter\Exceptions\FrameworkException::forMissingExtension('intl')
#1 F:\Projects\mobasher\ci4\system\CodeIgniter.php(176): CodeIgniter\CodeIgniter->resolvePlatformExtensions()
#2 F:\Projects\mobasher\ci4\system\bootstrap.php(146): CodeIgniter\CodeIgniter->initialize()
#3 F:\Projects\mobasher\ci4\public\index.php(28): require('F:\\Projects\\mob...')
#4 {main}
CRITICAL - 2021-09-08 16:04:40 --> The framework needs the following extension(s) installed and loaded: intl.
#0 F:\Projects\mobasher\ci4\system\CodeIgniter.php(218): CodeIgniter\Exceptions\FrameworkException::forMissingExtension('intl')
#1 F:\Projects\mobasher\ci4\system\CodeIgniter.php(176): CodeIgniter\CodeIgniter->resolvePlatformExtensions()
#2 F:\Projects\mobasher\ci4\system\bootstrap.php(146): CodeIgniter\CodeIgniter->initialize()
#3 F:\Projects\mobasher\ci4\public\index.php(28): require('F:\\Projects\\mob...')
#4 {main}
CRITICAL - 2021-09-08 16:05:20 --> The framework needs the following extension(s) installed and loaded: intl.
#0 F:\Projects\mobasher\ci4\system\CodeIgniter.php(218): CodeIgniter\Exceptions\FrameworkException::forMissingExtension('intl')
#1 F:\Projects\mobasher\ci4\system\CodeIgniter.php(176): CodeIgniter\CodeIgniter->resolvePlatformExtensions()
#2 F:\Projects\mobasher\ci4\system\bootstrap.php(146): CodeIgniter\CodeIgniter->initialize()
#3 F:\Projects\mobasher\ci4\public\index.php(28): require('F:\\Projects\\mob...')
#4 {main}
CRITICAL - 2021-09-08 16:05:21 --> The framework needs the following extension(s) installed and loaded: intl.
#0 F:\Projects\mobasher\ci4\system\CodeIgniter.php(218): CodeIgniter\Exceptions\FrameworkException::forMissingExtension('intl')
#1 F:\Projects\mobasher\ci4\system\CodeIgniter.php(176): CodeIgniter\CodeIgniter->resolvePlatformExtensions()
#2 F:\Projects\mobasher\ci4\system\bootstrap.php(146): CodeIgniter\CodeIgniter->initialize()
#3 F:\Projects\mobasher\ci4\public\index.php(28): require('F:\\Projects\\mob...')
#4 {main}
CRITICAL - 2021-09-08 16:05:21 --> The framework needs the following extension(s) installed and loaded: intl.
#0 F:\Projects\mobasher\ci4\system\CodeIgniter.php(218): CodeIgniter\Exceptions\FrameworkException::forMissingExtension('intl')
#1 F:\Projects\mobasher\ci4\system\CodeIgniter.php(176): CodeIgniter\CodeIgniter->resolvePlatformExtensions()
#2 F:\Projects\mobasher\ci4\system\bootstrap.php(146): CodeIgniter\CodeIgniter->initialize()
#3 F:\Projects\mobasher\ci4\public\index.php(28): require('F:\\Projects\\mob...')
#4 {main}
CRITICAL - 2021-09-08 16:05:21 --> The framework needs the following extension(s) installed and loaded: intl.
#0 F:\Projects\mobasher\ci4\system\CodeIgniter.php(218): CodeIgniter\Exceptions\FrameworkException::forMissingExtension('intl')
#1 F:\Projects\mobasher\ci4\system\CodeIgniter.php(176): CodeIgniter\CodeIgniter->resolvePlatformExtensions()
#2 F:\Projects\mobasher\ci4\system\bootstrap.php(146): CodeIgniter\CodeIgniter->initialize()
#3 F:\Projects\mobasher\ci4\public\index.php(28): require('F:\\Projects\\mob...')
#4 {main}
CRITICAL - 2021-09-08 09:44:45 --> Call to undefined function user()
#0 F:\Projects\mobasher\ci4\system\View\View.php(214): include()
#1 F:\Projects\mobasher\ci4\system\View\View.php(217): CodeIgniter\View\View->CodeIgniter\View\{closure}()
#2 F:\Projects\mobasher\ci4\system\View\View.php(432): CodeIgniter\View\View->render('layout/sidebar', NULL, true)
#3 F:\Projects\mobasher\ci4\app\Views\layout\templates.php(46): CodeIgniter\View\View->include('layout/sidebar')
#4 F:\Projects\mobasher\ci4\system\View\View.php(214): include('F:\\Projects\\mob...')
#5 F:\Projects\mobasher\ci4\system\View\View.php(217): CodeIgniter\View\View->CodeIgniter\View\{closure}()
#6 F:\Projects\mobasher\ci4\system\View\View.php(230): CodeIgniter\View\View->render('layout/template...', Array, true)
#7 F:\Projects\mobasher\ci4\system\Common.php(1092): CodeIgniter\View\View->render('dashboard/index', Array, true)
#8 F:\Projects\mobasher\ci4\app\Controllers\Dashboard.php(13): view('dashboard/index', Array)
#9 F:\Projects\mobasher\ci4\system\CodeIgniter.php(802): App\Controllers\Dashboard->index()
#10 F:\Projects\mobasher\ci4\system\CodeIgniter.php(399): CodeIgniter\CodeIgniter->runController(Object(App\Controllers\Dashboard))
#11 F:\Projects\mobasher\ci4\system\CodeIgniter.php(317): CodeIgniter\CodeIgniter->handleRequest(NULL, Object(Config\Cache), false)
#12 F:\Projects\mobasher\ci4\public\index.php(37): CodeIgniter\CodeIgniter->run()
#13 {main}
CRITICAL - 2021-09-08 09:45:18 --> Call to undefined function user()
#0 F:\Projects\mobasher\ci4\system\View\View.php(214): include()
#1 F:\Projects\mobasher\ci4\system\View\View.php(217): CodeIgniter\View\View->CodeIgniter\View\{closure}()
#2 F:\Projects\mobasher\ci4\system\View\View.php(432): CodeIgniter\View\View->render('layout/sidebar', NULL, true)
#3 F:\Projects\mobasher\ci4\app\Views\layout\templates.php(46): CodeIgniter\View\View->include('layout/sidebar')
#4 F:\Projects\mobasher\ci4\system\View\View.php(214): include('F:\\Projects\\mob...')
#5 F:\Projects\mobasher\ci4\system\View\View.php(217): CodeIgniter\View\View->CodeIgniter\View\{closure}()
#6 F:\Projects\mobasher\ci4\system\View\View.php(230): CodeIgniter\View\View->render('layout/template...', Array, true)
#7 F:\Projects\mobasher\ci4\system\Common.php(1092): CodeIgniter\View\View->render('dashboard/index', Array, true)
#8 F:\Projects\mobasher\ci4\app\Controllers\Dashboard.php(13): view('dashboard/index', Array)
#9 F:\Projects\mobasher\ci4\system\CodeIgniter.php(802): App\Controllers\Dashboard->index()
#10 F:\Projects\mobasher\ci4\system\CodeIgniter.php(399): CodeIgniter\CodeIgniter->runController(Object(App\Controllers\Dashboard))
#11 F:\Projects\mobasher\ci4\system\CodeIgniter.php(317): CodeIgniter\CodeIgniter->handleRequest(NULL, Object(Config\Cache), false)
#12 F:\Projects\mobasher\ci4\public\index.php(37): CodeIgniter\CodeIgniter->run()
#13 {main}
CRITICAL - 2021-09-08 09:46:57 --> Call to undefined function user()
#0 F:\Projects\mobasher\ci4\system\View\View.php(214): include()
#1 F:\Projects\mobasher\ci4\system\View\View.php(217): CodeIgniter\View\View->CodeIgniter\View\{closure}()
#2 F:\Projects\mobasher\ci4\system\View\View.php(432): CodeIgniter\View\View->render('layout/sidebar', NULL, true)
#3 F:\Projects\mobasher\ci4\app\Views\layout\templates.php(46): CodeIgniter\View\View->include('layout/sidebar')
#4 F:\Projects\mobasher\ci4\system\View\View.php(214): include('F:\\Projects\\mob...')
#5 F:\Projects\mobasher\ci4\system\View\View.php(217): CodeIgniter\View\View->CodeIgniter\View\{closure}()
#6 F:\Projects\mobasher\ci4\system\View\View.php(230): CodeIgniter\View\View->render('layout/template...', Array, true)
#7 F:\Projects\mobasher\ci4\system\Common.php(1092): CodeIgniter\View\View->render('dashboard/index', Array, true)
#8 F:\Projects\mobasher\ci4\app\Controllers\Dashboard.php(13): view('dashboard/index', Array)
#9 F:\Projects\mobasher\ci4\system\CodeIgniter.php(802): App\Controllers\Dashboard->index()
#10 F:\Projects\mobasher\ci4\system\CodeIgniter.php(399): CodeIgniter\CodeIgniter->runController(Object(App\Controllers\Dashboard))
#11 F:\Projects\mobasher\ci4\system\CodeIgniter.php(317): CodeIgniter\CodeIgniter->handleRequest(NULL, Object(Config\Cache), false)
#12 F:\Projects\mobasher\ci4\public\index.php(37): CodeIgniter\CodeIgniter->run()
#13 {main}
CRITICAL - 2021-09-08 09:48:35 --> Call to undefined function user()
#0 F:\Projects\mobasher\ci4\system\View\View.php(214): include()
#1 F:\Projects\mobasher\ci4\system\View\View.php(217): CodeIgniter\View\View->CodeIgniter\View\{closure}()
#2 F:\Projects\mobasher\ci4\system\View\View.php(432): CodeIgniter\View\View->render('layout/sidebar', NULL, true)
#3 F:\Projects\mobasher\ci4\app\Views\layout\templates.php(46): CodeIgniter\View\View->include('layout/sidebar')
#4 F:\Projects\mobasher\ci4\system\View\View.php(214): include('F:\\Projects\\mob...')
#5 F:\Projects\mobasher\ci4\system\View\View.php(217): CodeIgniter\View\View->CodeIgniter\View\{closure}()
#6 F:\Projects\mobasher\ci4\system\View\View.php(230): CodeIgniter\View\View->render('layout/template...', Array, true)
#7 F:\Projects\mobasher\ci4\system\Common.php(1092): CodeIgniter\View\View->render('dashboard/index', Array, true)
#8 F:\Projects\mobasher\ci4\app\Controllers\Dashboard.php(13): view('dashboard/index', Array)
#9 F:\Projects\mobasher\ci4\system\CodeIgniter.php(802): App\Controllers\Dashboard->index()
#10 F:\Projects\mobasher\ci4\system\CodeIgniter.php(399): CodeIgniter\CodeIgniter->runController(Object(App\Controllers\Dashboard))
#11 F:\Projects\mobasher\ci4\system\CodeIgniter.php(317): CodeIgniter\CodeIgniter->handleRequest(NULL, Object(Config\Cache), false)
#12 F:\Projects\mobasher\ci4\public\index.php(37): CodeIgniter\CodeIgniter->run()
#13 {main}
CRITICAL - 2021-09-08 09:49:41 --> Call to undefined function user()
#0 F:\Projects\mobasher\ci4\system\View\View.php(214): include()
#1 F:\Projects\mobasher\ci4\system\View\View.php(217): CodeIgniter\View\View->CodeIgniter\View\{closure}()
#2 F:\Projects\mobasher\ci4\system\View\View.php(432): CodeIgniter\View\View->render('layout/sidebar', NULL, true)
#3 F:\Projects\mobasher\ci4\app\Views\layout\templates.php(46): CodeIgniter\View\View->include('layout/sidebar')
#4 F:\Projects\mobasher\ci4\system\View\View.php(214): include('F:\\Projects\\mob...')
#5 F:\Projects\mobasher\ci4\system\View\View.php(217): CodeIgniter\View\View->CodeIgniter\View\{closure}()
#6 F:\Projects\mobasher\ci4\system\View\View.php(230): CodeIgniter\View\View->render('layout/template...', Array, true)
#7 F:\Projects\mobasher\ci4\system\Common.php(1092): CodeIgniter\View\View->render('dashboard/index', Array, true)
#8 F:\Projects\mobasher\ci4\app\Controllers\Dashboard.php(13): view('dashboard/index', Array)
#9 F:\Projects\mobasher\ci4\system\CodeIgniter.php(802): App\Controllers\Dashboard->index()
#10 F:\Projects\mobasher\ci4\system\CodeIgniter.php(399): CodeIgniter\CodeIgniter->runController(Object(App\Controllers\Dashboard))
#11 F:\Projects\mobasher\ci4\system\CodeIgniter.php(317): CodeIgniter\CodeIgniter->handleRequest(NULL, Object(Config\Cache), false)
#12 F:\Projects\mobasher\ci4\public\index.php(37): CodeIgniter\CodeIgniter->run()
#13 {main}
CRITICAL - 2021-09-08 09:49:51 --> Call to undefined function user()
#0 F:\Projects\mobasher\ci4\system\View\View.php(214): include()
#1 F:\Projects\mobasher\ci4\system\View\View.php(217): CodeIgniter\View\View->CodeIgniter\View\{closure}()
#2 F:\Projects\mobasher\ci4\system\View\View.php(432): CodeIgniter\View\View->render('layout/sidebar', NULL, true)
#3 F:\Projects\mobasher\ci4\app\Views\layout\templates.php(46): CodeIgniter\View\View->include('layout/sidebar')
#4 F:\Projects\mobasher\ci4\system\View\View.php(214): include('F:\\Projects\\mob...')
#5 F:\Projects\mobasher\ci4\system\View\View.php(217): CodeIgniter\View\View->CodeIgniter\View\{closure}()
#6 F:\Projects\mobasher\ci4\system\View\View.php(230): CodeIgniter\View\View->render('layout/template...', Array, true)
#7 F:\Projects\mobasher\ci4\system\Common.php(1092): CodeIgniter\View\View->render('dashboard/index', Array, true)
#8 F:\Projects\mobasher\ci4\app\Controllers\Dashboard.php(13): view('dashboard/index', Array)
#9 F:\Projects\mobasher\ci4\system\CodeIgniter.php(802): App\Controllers\Dashboard->index()
#10 F:\Projects\mobasher\ci4\system\CodeIgniter.php(399): CodeIgniter\CodeIgniter->runController(Object(App\Controllers\Dashboard))
#11 F:\Projects\mobasher\ci4\system\CodeIgniter.php(317): CodeIgniter\CodeIgniter->handleRequest(NULL, Object(Config\Cache), false)
#12 F:\Projects\mobasher\ci4\public\index.php(37): CodeIgniter\CodeIgniter->run()
#13 {main}
CRITICAL - 2021-09-08 09:50:05 --> Call to undefined function user()
#0 F:\Projects\mobasher\ci4\system\View\View.php(214): include()
#1 F:\Projects\mobasher\ci4\system\View\View.php(217): CodeIgniter\View\View->CodeIgniter\View\{closure}()
#2 F:\Projects\mobasher\ci4\system\View\View.php(432): CodeIgniter\View\View->render('layout/sidebar', NULL, true)
#3 F:\Projects\mobasher\ci4\app\Views\layout\templates.php(46): CodeIgniter\View\View->include('layout/sidebar')
#4 F:\Projects\mobasher\ci4\system\View\View.php(214): include('F:\\Projects\\mob...')
#5 F:\Projects\mobasher\ci4\system\View\View.php(217): CodeIgniter\View\View->CodeIgniter\View\{closure}()
#6 F:\Projects\mobasher\ci4\system\View\View.php(230): CodeIgniter\View\View->render('layout/template...', Array, true)
#7 F:\Projects\mobasher\ci4\system\Common.php(1092): CodeIgniter\View\View->render('dashboard/index', Array, true)
#8 F:\Projects\mobasher\ci4\app\Controllers\Dashboard.php(13): view('dashboard/index', Array)
#9 F:\Projects\mobasher\ci4\system\CodeIgniter.php(802): App\Controllers\Dashboard->index()
#10 F:\Projects\mobasher\ci4\system\CodeIgniter.php(399): CodeIgniter\CodeIgniter->runController(Object(App\Controllers\Dashboard))
#11 F:\Projects\mobasher\ci4\system\CodeIgniter.php(317): CodeIgniter\CodeIgniter->handleRequest(NULL, Object(Config\Cache), false)
#12 F:\Projects\mobasher\ci4\public\index.php(37): CodeIgniter\CodeIgniter->run()
#13 {main}
CRITICAL - 2021-09-08 09:51:12 --> Call to undefined function user()
#0 F:\Projects\mobasher\ci4\system\View\View.php(214): include()
#1 F:\Projects\mobasher\ci4\system\View\View.php(217): CodeIgniter\View\View->CodeIgniter\View\{closure}()
#2 F:\Projects\mobasher\ci4\system\View\View.php(432): CodeIgniter\View\View->render('layout/sidebar', NULL, true)
#3 F:\Projects\mobasher\ci4\app\Views\layout\templates.php(46): CodeIgniter\View\View->include('layout/sidebar')
#4 F:\Projects\mobasher\ci4\system\View\View.php(214): include('F:\\Projects\\mob...')
#5 F:\Projects\mobasher\ci4\system\View\View.php(217): CodeIgniter\View\View->CodeIgniter\View\{closure}()
#6 F:\Projects\mobasher\ci4\system\View\View.php(230): CodeIgniter\View\View->render('layout/template...', Array, true)
#7 F:\Projects\mobasher\ci4\system\Common.php(1092): CodeIgniter\View\View->render('dashboard/index', Array, true)
#8 F:\Projects\mobasher\ci4\app\Controllers\Dashboard.php(13): view('dashboard/index', Array)
#9 F:\Projects\mobasher\ci4\system\CodeIgniter.php(802): App\Controllers\Dashboard->index()
#10 F:\Projects\mobasher\ci4\system\CodeIgniter.php(399): CodeIgniter\CodeIgniter->runController(Object(App\Controllers\Dashboard))
#11 F:\Projects\mobasher\ci4\system\CodeIgniter.php(317): CodeIgniter\CodeIgniter->handleRequest(NULL, Object(Config\Cache), false)
#12 F:\Projects\mobasher\ci4\public\index.php(37): CodeIgniter\CodeIgniter->run()
#13 {main}
CRITICAL - 2021-09-08 09:51:14 --> Call to undefined function user()
#0 F:\Projects\mobasher\ci4\system\View\View.php(214): include()
#1 F:\Projects\mobasher\ci4\system\View\View.php(217): CodeIgniter\View\View->CodeIgniter\View\{closure}()
#2 F:\Projects\mobasher\ci4\system\View\View.php(432): CodeIgniter\View\View->render('layout/sidebar', NULL, true)
#3 F:\Projects\mobasher\ci4\app\Views\layout\templates.php(46): CodeIgniter\View\View->include('layout/sidebar')
#4 F:\Projects\mobasher\ci4\system\View\View.php(214): include('F:\\Projects\\mob...')
#5 F:\Projects\mobasher\ci4\system\View\View.php(217): CodeIgniter\View\View->CodeIgniter\View\{closure}()
#6 F:\Projects\mobasher\ci4\system\View\View.php(230): CodeIgniter\View\View->render('layout/template...', Array, true)
#7 F:\Projects\mobasher\ci4\system\Common.php(1092): CodeIgniter\View\View->render('dashboard/index', Array, true)
#8 F:\Projects\mobasher\ci4\app\Controllers\Dashboard.php(13): view('dashboard/index', Array)
#9 F:\Projects\mobasher\ci4\system\CodeIgniter.php(802): App\Controllers\Dashboard->index()
#10 F:\Projects\mobasher\ci4\system\CodeIgniter.php(399): CodeIgniter\CodeIgniter->runController(Object(App\Controllers\Dashboard))
#11 F:\Projects\mobasher\ci4\system\CodeIgniter.php(317): CodeIgniter\CodeIgniter->handleRequest(NULL, Object(Config\Cache), false)
#12 F:\Projects\mobasher\ci4\public\index.php(37): CodeIgniter\CodeIgniter->run()
#13 {main}
CRITICAL - 2021-09-08 09:51:28 --> Call to undefined function user()
#0 F:\Projects\mobasher\ci4\system\View\View.php(214): include()
#1 F:\Projects\mobasher\ci4\system\View\View.php(217): CodeIgniter\View\View->CodeIgniter\View\{closure}()
#2 F:\Projects\mobasher\ci4\system\View\View.php(432): CodeIgniter\View\View->render('layout/sidebar', NULL, true)
#3 F:\Projects\mobasher\ci4\app\Views\layout\templates.php(46): CodeIgniter\View\View->include('layout/sidebar')
#4 F:\Projects\mobasher\ci4\system\View\View.php(214): include('F:\\Projects\\mob...')
#5 F:\Projects\mobasher\ci4\system\View\View.php(217): CodeIgniter\View\View->CodeIgniter\View\{closure}()
#6 F:\Projects\mobasher\ci4\system\View\View.php(230): CodeIgniter\View\View->render('layout/template...', Array, true)
#7 F:\Projects\mobasher\ci4\system\Common.php(1092): CodeIgniter\View\View->render('dashboard/index', Array, true)
#8 F:\Projects\mobasher\ci4\app\Controllers\Dashboard.php(13): view('dashboard/index', Array)
#9 F:\Projects\mobasher\ci4\system\CodeIgniter.php(802): App\Controllers\Dashboard->index()
#10 F:\Projects\mobasher\ci4\system\CodeIgniter.php(399): CodeIgniter\CodeIgniter->runController(Object(App\Controllers\Dashboard))
#11 F:\Projects\mobasher\ci4\system\CodeIgniter.php(317): CodeIgniter\CodeIgniter->handleRequest(NULL, Object(Config\Cache), false)
#12 F:\Projects\mobasher\ci4\public\index.php(37): CodeIgniter\CodeIgniter->run()
#13 {main}
CRITICAL - 2021-09-08 09:54:35 --> Call to undefined function user()
#0 F:\Projects\mobasher\ci4\system\View\View.php(214): include()
#1 F:\Projects\mobasher\ci4\system\View\View.php(217): CodeIgniter\View\View->CodeIgniter\View\{closure}()
#2 F:\Projects\mobasher\ci4\system\View\View.php(432): CodeIgniter\View\View->render('layout/sidebar', NULL, true)
#3 F:\Projects\mobasher\ci4\app\Views\layout\templates.php(46): CodeIgniter\View\View->include('layout/sidebar')
#4 F:\Projects\mobasher\ci4\system\View\View.php(214): include('F:\\Projects\\mob...')
#5 F:\Projects\mobasher\ci4\system\View\View.php(217): CodeIgniter\View\View->CodeIgniter\View\{closure}()
#6 F:\Projects\mobasher\ci4\system\View\View.php(230): CodeIgniter\View\View->render('layout/template...', Array, true)
#7 F:\Projects\mobasher\ci4\system\Common.php(1092): CodeIgniter\View\View->render('dashboard/index', Array, true)
#8 F:\Projects\mobasher\ci4\app\Controllers\Dashboard.php(13): view('dashboard/index', Array)
#9 F:\Projects\mobasher\ci4\system\CodeIgniter.php(802): App\Controllers\Dashboard->index()
#10 F:\Projects\mobasher\ci4\system\CodeIgniter.php(399): CodeIgniter\CodeIgniter->runController(Object(App\Controllers\Dashboard))
#11 F:\Projects\mobasher\ci4\system\CodeIgniter.php(317): CodeIgniter\CodeIgniter->handleRequest(NULL, Object(Config\Cache), false)
#12 F:\Projects\mobasher\ci4\public\index.php(37): CodeIgniter\CodeIgniter->run()
#13 {main}
CRITICAL - 2021-09-08 09:54:47 --> Call to undefined function user()
#0 F:\Projects\mobasher\ci4\system\View\View.php(214): include()
#1 F:\Projects\mobasher\ci4\system\View\View.php(217): CodeIgniter\View\View->CodeIgniter\View\{closure}()
#2 F:\Projects\mobasher\ci4\system\View\View.php(432): CodeIgniter\View\View->render('layout/sidebar', NULL, true)
#3 F:\Projects\mobasher\ci4\app\Views\layout\templates.php(46): CodeIgniter\View\View->include('layout/sidebar')
#4 F:\Projects\mobasher\ci4\system\View\View.php(214): include('F:\\Projects\\mob...')
#5 F:\Projects\mobasher\ci4\system\View\View.php(217): CodeIgniter\View\View->CodeIgniter\View\{closure}()
#6 F:\Projects\mobasher\ci4\system\View\View.php(230): CodeIgniter\View\View->render('layout/template...', Array, true)
#7 F:\Projects\mobasher\ci4\system\Common.php(1092): CodeIgniter\View\View->render('dashboard/index', Array, true)
#8 F:\Projects\mobasher\ci4\app\Controllers\Dashboard.php(13): view('dashboard/index', Array)
#9 F:\Projects\mobasher\ci4\system\CodeIgniter.php(802): App\Controllers\Dashboard->index()
#10 F:\Projects\mobasher\ci4\system\CodeIgniter.php(399): CodeIgniter\CodeIgniter->runController(Object(App\Controllers\Dashboard))
#11 F:\Projects\mobasher\ci4\system\CodeIgniter.php(317): CodeIgniter\CodeIgniter->handleRequest(NULL, Object(Config\Cache), false)
#12 F:\Projects\mobasher\ci4\public\index.php(37): CodeIgniter\CodeIgniter->run()
#13 {main}
CRITICAL - 2021-09-08 09:54:59 --> Call to undefined function user()
#0 F:\Projects\mobasher\ci4\system\View\View.php(214): include()
#1 F:\Projects\mobasher\ci4\system\View\View.php(217): CodeIgniter\View\View->CodeIgniter\View\{closure}()
#2 F:\Projects\mobasher\ci4\system\View\View.php(432): CodeIgniter\View\View->render('layout/sidebar', NULL, true)
#3 F:\Projects\mobasher\ci4\app\Views\layout\templates.php(46): CodeIgniter\View\View->include('layout/sidebar')
#4 F:\Projects\mobasher\ci4\system\View\View.php(214): include('F:\\Projects\\mob...')
#5 F:\Projects\mobasher\ci4\system\View\View.php(217): CodeIgniter\View\View->CodeIgniter\View\{closure}()
#6 F:\Projects\mobasher\ci4\system\View\View.php(230): CodeIgniter\View\View->render('layout/template...', Array, true)
#7 F:\Projects\mobasher\ci4\system\Common.php(1092): CodeIgniter\View\View->render('dashboard/index', Array, true)
#8 F:\Projects\mobasher\ci4\app\Controllers\Dashboard.php(13): view('dashboard/index', Array)
#9 F:\Projects\mobasher\ci4\system\CodeIgniter.php(802): App\Controllers\Dashboard->index()
#10 F:\Projects\mobasher\ci4\system\CodeIgniter.php(399): CodeIgniter\CodeIgniter->runController(Object(App\Controllers\Dashboard))
#11 F:\Projects\mobasher\ci4\system\CodeIgniter.php(317): CodeIgniter\CodeIgniter->handleRequest(NULL, Object(Config\Cache), false)
#12 F:\Projects\mobasher\ci4\public\index.php(37): CodeIgniter\CodeIgniter->run()
#13 {main}
CRITICAL - 2021-09-08 09:55:02 --> Call to undefined function user()
#0 F:\Projects\mobasher\ci4\system\View\View.php(214): include()
#1 F:\Projects\mobasher\ci4\system\View\View.php(217): CodeIgniter\View\View->CodeIgniter\View\{closure}()
#2 F:\Projects\mobasher\ci4\system\View\View.php(432): CodeIgniter\View\View->render('layout/sidebar', NULL, true)
#3 F:\Projects\mobasher\ci4\app\Views\layout\templates.php(46): CodeIgniter\View\View->include('layout/sidebar')
#4 F:\Projects\mobasher\ci4\system\View\View.php(214): include('F:\\Projects\\mob...')
#5 F:\Projects\mobasher\ci4\system\View\View.php(217): CodeIgniter\View\View->CodeIgniter\View\{closure}()
#6 F:\Projects\mobasher\ci4\system\View\View.php(230): CodeIgniter\View\View->render('layout/template...', Array, true)
#7 F:\Projects\mobasher\ci4\system\Common.php(1092): CodeIgniter\View\View->render('dashboard/index', Array, true)
#8 F:\Projects\mobasher\ci4\app\Controllers\Dashboard.php(13): view('dashboard/index', Array)
#9 F:\Projects\mobasher\ci4\system\CodeIgniter.php(802): App\Controllers\Dashboard->index()
#10 F:\Projects\mobasher\ci4\system\CodeIgniter.php(399): CodeIgniter\CodeIgniter->runController(Object(App\Controllers\Dashboard))
#11 F:\Projects\mobasher\ci4\system\CodeIgniter.php(317): CodeIgniter\CodeIgniter->handleRequest(NULL, Object(Config\Cache), false)
#12 F:\Projects\mobasher\ci4\public\index.php(37): CodeIgniter\CodeIgniter->run()
#13 {main}
CRITICAL - 2021-09-08 09:55:11 --> Call to undefined function user()
#0 F:\Projects\mobasher\ci4\system\View\View.php(214): include()
#1 F:\Projects\mobasher\ci4\system\View\View.php(217): CodeIgniter\View\View->CodeIgniter\View\{closure}()
#2 F:\Projects\mobasher\ci4\system\View\View.php(432): CodeIgniter\View\View->render('layout/sidebar', NULL, true)
#3 F:\Projects\mobasher\ci4\app\Views\layout\templates.php(46): CodeIgniter\View\View->include('layout/sidebar')
#4 F:\Projects\mobasher\ci4\system\View\View.php(214): include('F:\\Projects\\mob...')
#5 F:\Projects\mobasher\ci4\system\View\View.php(217): CodeIgniter\View\View->CodeIgniter\View\{closure}()
#6 F:\Projects\mobasher\ci4\system\View\View.php(230): CodeIgniter\View\View->render('layout/template...', Array, true)
#7 F:\Projects\mobasher\ci4\system\Common.php(1092): CodeIgniter\View\View->render('dashboard/index', Array, true)
#8 F:\Projects\mobasher\ci4\app\Controllers\Dashboard.php(13): view('dashboard/index', Array)
#9 F:\Projects\mobasher\ci4\system\CodeIgniter.php(802): App\Controllers\Dashboard->index()
#10 F:\Projects\mobasher\ci4\system\CodeIgniter.php(399): CodeIgniter\CodeIgniter->runController(Object(App\Controllers\Dashboard))
#11 F:\Projects\mobasher\ci4\system\CodeIgniter.php(317): CodeIgniter\CodeIgniter->handleRequest(NULL, Object(Config\Cache), false)
#12 F:\Projects\mobasher\ci4\public\index.php(37): CodeIgniter\CodeIgniter->run()
#13 {main}
CRITICAL - 2021-09-08 09:55:25 --> Call to undefined function user()
#0 F:\Projects\mobasher\ci4\system\View\View.php(214): include()
#1 F:\Projects\mobasher\ci4\system\View\View.php(217): CodeIgniter\View\View->CodeIgniter\View\{closure}()
#2 F:\Projects\mobasher\ci4\system\View\View.php(432): CodeIgniter\View\View->render('layout/sidebar', NULL, true)
#3 F:\Projects\mobasher\ci4\app\Views\layout\templates.php(46): CodeIgniter\View\View->include('layout/sidebar')
#4 F:\Projects\mobasher\ci4\system\View\View.php(214): include('F:\\Projects\\mob...')
#5 F:\Projects\mobasher\ci4\system\View\View.php(217): CodeIgniter\View\View->CodeIgniter\View\{closure}()
#6 F:\Projects\mobasher\ci4\system\View\View.php(230): CodeIgniter\View\View->render('layout/template...', Array, true)
#7 F:\Projects\mobasher\ci4\system\Common.php(1092): CodeIgniter\View\View->render('dashboard/index', Array, true)
#8 F:\Projects\mobasher\ci4\app\Controllers\Dashboard.php(13): view('dashboard/index', Array)
#9 F:\Projects\mobasher\ci4\system\CodeIgniter.php(802): App\Controllers\Dashboard->index()
#10 F:\Projects\mobasher\ci4\system\CodeIgniter.php(399): CodeIgniter\CodeIgniter->runController(Object(App\Controllers\Dashboard))
#11 F:\Projects\mobasher\ci4\system\CodeIgniter.php(317): CodeIgniter\CodeIgniter->handleRequest(NULL, Object(Config\Cache), false)
#12 F:\Projects\mobasher\ci4\public\index.php(37): CodeIgniter\CodeIgniter->run()
#13 {main}
CRITICAL - 2021-09-08 09:55:57 --> Call to undefined function user()
#0 F:\Projects\mobasher\ci4\system\View\View.php(214): include()
#1 F:\Projects\mobasher\ci4\system\View\View.php(217): CodeIgniter\View\View->CodeIgniter\View\{closure}()
#2 F:\Projects\mobasher\ci4\system\View\View.php(432): CodeIgniter\View\View->render('layout/sidebar', NULL, true)
#3 F:\Projects\mobasher\ci4\app\Views\layout\templates.php(46): CodeIgniter\View\View->include('layout/sidebar')
#4 F:\Projects\mobasher\ci4\system\View\View.php(214): include('F:\\Projects\\mob...')
#5 F:\Projects\mobasher\ci4\system\View\View.php(217): CodeIgniter\View\View->CodeIgniter\View\{closure}()
#6 F:\Projects\mobasher\ci4\system\View\View.php(230): CodeIgniter\View\View->render('layout/template...', Array, true)
#7 F:\Projects\mobasher\ci4\system\Common.php(1092): CodeIgniter\View\View->render('dashboard/index', Array, true)
#8 F:\Projects\mobasher\ci4\app\Controllers\Dashboard.php(13): view('dashboard/index', Array)
#9 F:\Projects\mobasher\ci4\system\CodeIgniter.php(802): App\Controllers\Dashboard->index()
#10 F:\Projects\mobasher\ci4\system\CodeIgniter.php(399): CodeIgniter\CodeIgniter->runController(Object(App\Controllers\Dashboard))
#11 F:\Projects\mobasher\ci4\system\CodeIgniter.php(317): CodeIgniter\CodeIgniter->handleRequest(NULL, Object(Config\Cache), false)
#12 F:\Projects\mobasher\ci4\public\index.php(37): CodeIgniter\CodeIgniter->run()
#13 {main}
CRITICAL - 2021-09-08 09:56:59 --> Call to undefined function user()
#0 F:\Projects\mobasher\ci4\system\View\View.php(214): include()
#1 F:\Projects\mobasher\ci4\system\View\View.php(217): CodeIgniter\View\View->CodeIgniter\View\{closure}()
#2 F:\Projects\mobasher\ci4\system\View\View.php(230): CodeIgniter\View\View->render('layout/template...', Array, true)
#3 F:\Projects\mobasher\ci4\system\Common.php(1092): CodeIgniter\View\View->render('dashboard/index', Array, true)
#4 F:\Projects\mobasher\ci4\app\Controllers\Dashboard.php(13): view('dashboard/index', Array)
#5 F:\Projects\mobasher\ci4\system\CodeIgniter.php(802): App\Controllers\Dashboard->index()
#6 F:\Projects\mobasher\ci4\system\CodeIgniter.php(399): CodeIgniter\CodeIgniter->runController(Object(App\Controllers\Dashboard))
#7 F:\Projects\mobasher\ci4\system\CodeIgniter.php(317): CodeIgniter\CodeIgniter->handleRequest(NULL, Object(Config\Cache), false)
#8 F:\Projects\mobasher\ci4\public\index.php(37): CodeIgniter\CodeIgniter->run()
#9 {main}
CRITICAL - 2021-09-08 09:57:05 --> Call to undefined function user()
#0 F:\Projects\mobasher\ci4\system\View\View.php(214): include()
#1 F:\Projects\mobasher\ci4\system\View\View.php(217): CodeIgniter\View\View->CodeIgniter\View\{closure}()
#2 F:\Projects\mobasher\ci4\system\View\View.php(432): CodeIgniter\View\View->render('layout/sidebar', NULL, true)
#3 F:\Projects\mobasher\ci4\app\Views\layout\templates.php(46): CodeIgniter\View\View->include('layout/sidebar')
#4 F:\Projects\mobasher\ci4\system\View\View.php(214): include('F:\\Projects\\mob...')
#5 F:\Projects\mobasher\ci4\system\View\View.php(217): CodeIgniter\View\View->CodeIgniter\View\{closure}()
#6 F:\Projects\mobasher\ci4\system\View\View.php(230): CodeIgniter\View\View->render('layout/template...', Array, true)
#7 F:\Projects\mobasher\ci4\system\Common.php(1092): CodeIgniter\View\View->render('dashboard/index', Array, true)
#8 F:\Projects\mobasher\ci4\app\Controllers\Dashboard.php(13): view('dashboard/index', Array)
#9 F:\Projects\mobasher\ci4\system\CodeIgniter.php(802): App\Controllers\Dashboard->index()
#10 F:\Projects\mobasher\ci4\system\CodeIgniter.php(399): CodeIgniter\CodeIgniter->runController(Object(App\Controllers\Dashboard))
#11 F:\Projects\mobasher\ci4\system\CodeIgniter.php(317): CodeIgniter\CodeIgniter->handleRequest(NULL, Object(Config\Cache), false)
#12 F:\Projects\mobasher\ci4\public\index.php(37): CodeIgniter\CodeIgniter->run()
#13 {main}
CRITICAL - 2021-09-08 10:01:39 --> Class "TCPDF" not found
#0 F:\Projects\mobasher\ci4\system\CodeIgniter.php(802): App\Controllers\Export->export_pdf()
#1 F:\Projects\mobasher\ci4\system\CodeIgniter.php(399): CodeIgniter\CodeIgniter->runController(Object(App\Controllers\Export))
#2 F:\Projects\mobasher\ci4\system\CodeIgniter.php(317): CodeIgniter\CodeIgniter->handleRequest(NULL, Object(Config\Cache), false)
#3 F:\Projects\mobasher\ci4\public\index.php(37): CodeIgniter\CodeIgniter->run()
#4 {main}
CRITICAL - 2021-09-08 10:31:35 --> Class "TCPDF" not found
#0 F:\Projects\mobasher\ci4\system\CodeIgniter.php(802): App\Controllers\Export->export_pdf()
#1 F:\Projects\mobasher\ci4\system\CodeIgniter.php(399): CodeIgniter\CodeIgniter->runController(Object(App\Controllers\Export))
#2 F:\Projects\mobasher\ci4\system\CodeIgniter.php(317): CodeIgniter\CodeIgniter->handleRequest(NULL, Object(Config\Cache), false)
#3 F:\Projects\mobasher\ci4\public\index.php(37): CodeIgniter\CodeIgniter->run()
#4 {main}
CRITICAL - 2021-09-08 10:31:36 --> Class "TCPDF" not found
#0 F:\Projects\mobasher\ci4\system\CodeIgniter.php(802): App\Controllers\Export->export_pdf()
#1 F:\Projects\mobasher\ci4\system\CodeIgniter.php(399): CodeIgniter\CodeIgniter->runController(Object(App\Controllers\Export))
#2 F:\Projects\mobasher\ci4\system\CodeIgniter.php(317): CodeIgniter\CodeIgniter->handleRequest(NULL, Object(Config\Cache), false)
#3 F:\Projects\mobasher\ci4\public\index.php(37): CodeIgniter\CodeIgniter->run()
#4 {main}
CRITICAL - 2021-09-08 10:31:37 --> Class "TCPDF" not found
#0 F:\Projects\mobasher\ci4\system\CodeIgniter.php(802): App\Controllers\Export->export_pdf()
#1 F:\Projects\mobasher\ci4\system\CodeIgniter.php(399): CodeIgniter\CodeIgniter->runController(Object(App\Controllers\Export))
#2 F:\Projects\mobasher\ci4\system\CodeIgniter.php(317): CodeIgniter\CodeIgniter->handleRequest(NULL, Object(Config\Cache), false)
#3 F:\Projects\mobasher\ci4\public\index.php(37): CodeIgniter\CodeIgniter->run()
#4 {main}
CRITICAL - 2021-09-08 10:33:47 --> Class "TCPDF" not found
#0 F:\Projects\mobasher\ci4\system\CodeIgniter.php(802): App\Controllers\Export->export_pdf()
#1 F:\Projects\mobasher\ci4\system\CodeIgniter.php(399): CodeIgniter\CodeIgniter->runController(Object(App\Controllers\Export))
#2 F:\Projects\mobasher\ci4\system\CodeIgniter.php(317): CodeIgniter\CodeIgniter->handleRequest(NULL, Object(Config\Cache), false)
#3 F:\Projects\mobasher\ci4\public\index.php(37): CodeIgniter\CodeIgniter->run()
#4 {main}
CRITICAL - 2021-09-08 10:34:09 --> Call to undefined function user()
#0 F:\Projects\mobasher\ci4\system\View\View.php(214): include()
#1 F:\Projects\mobasher\ci4\system\View\View.php(217): CodeIgniter\View\View->CodeIgniter\View\{closure}()
#2 F:\Projects\mobasher\ci4\system\View\View.php(432): CodeIgniter\View\View->render('layout/sidebar', NULL, true)
#3 F:\Projects\mobasher\ci4\app\Views\layout\templates.php(46): CodeIgniter\View\View->include('layout/sidebar')
#4 F:\Projects\mobasher\ci4\system\View\View.php(214): include('F:\\Projects\\mob...')
#5 F:\Projects\mobasher\ci4\system\View\View.php(217): CodeIgniter\View\View->CodeIgniter\View\{closure}()
#6 F:\Projects\mobasher\ci4\system\View\View.php(230): CodeIgniter\View\View->render('layout/template...', Array, true)
#7 F:\Projects\mobasher\ci4\system\Common.php(1092): CodeIgniter\View\View->render('dashboard/index', Array, true)
#8 F:\Projects\mobasher\ci4\app\Controllers\Dashboard.php(13): view('dashboard/index', Array)
#9 F:\Projects\mobasher\ci4\system\CodeIgniter.php(802): App\Controllers\Dashboard->index()
#10 F:\Projects\mobasher\ci4\system\CodeIgniter.php(399): CodeIgniter\CodeIgniter->runController(Object(App\Controllers\Dashboard))
#11 F:\Projects\mobasher\ci4\system\CodeIgniter.php(317): CodeIgniter\CodeIgniter->handleRequest(NULL, Object(Config\Cache), false)
#12 F:\Projects\mobasher\ci4\public\index.php(37): CodeIgniter\CodeIgniter->run()
#13 {main}
CRITICAL - 2021-09-08 10:53:12 --> Array and string offset access syntax with curly braces is no longer supported
#0 [internal function]: CodeIgniter\Debug\Exceptions->shutdownHandler()
#1 {main}
CRITICAL - 2021-09-08 10:58:53 --> Call to undefined function user()
#0 F:\Projects\mobasher\ci4\system\View\View.php(214): include()
#1 F:\Projects\mobasher\ci4\system\View\View.php(217): CodeIgniter\View\View->CodeIgniter\View\{closure}()
#2 F:\Projects\mobasher\ci4\system\View\View.php(432): CodeIgniter\View\View->render('layout/sidebar', NULL, true)
#3 F:\Projects\mobasher\ci4\app\Views\layout\templates.php(46): CodeIgniter\View\View->include('layout/sidebar')
#4 F:\Projects\mobasher\ci4\system\View\View.php(214): include('F:\\Projects\\mob...')
#5 F:\Projects\mobasher\ci4\system\View\View.php(217): CodeIgniter\View\View->CodeIgniter\View\{closure}()
#6 F:\Projects\mobasher\ci4\system\View\View.php(230): CodeIgniter\View\View->render('layout/template...', Array, true)
#7 F:\Projects\mobasher\ci4\system\Common.php(1092): CodeIgniter\View\View->render('dashboard/index', Array, true)
#8 F:\Projects\mobasher\ci4\app\Controllers\Dashboard.php(13): view('dashboard/index', Array)
#9 F:\Projects\mobasher\ci4\system\CodeIgniter.php(802): App\Controllers\Dashboard->index()
#10 F:\Projects\mobasher\ci4\system\CodeIgniter.php(399): CodeIgniter\CodeIgniter->runController(Object(App\Controllers\Dashboard))
#11 F:\Projects\mobasher\ci4\system\CodeIgniter.php(317): CodeIgniter\CodeIgniter->handleRequest(NULL, Object(Config\Cache), false)
#12 F:\Projects\mobasher\ci4\public\index.php(37): CodeIgniter\CodeIgniter->run()
#13 {main}
CRITICAL - 2021-09-08 11:00:26 --> Class "App\Models\BuilderModel" not found
#0 F:\Projects\mobasher\ci4\system\CodeIgniter.php(779): App\Controllers\Builder->__construct()
#1 F:\Projects\mobasher\ci4\system\CodeIgniter.php(390): CodeIgniter\CodeIgniter->createController()
#2 F:\Projects\mobasher\ci4\system\CodeIgniter.php(317): CodeIgniter\CodeIgniter->handleRequest(NULL, Object(Config\Cache), false)
#3 F:\Projects\mobasher\ci4\public\index.php(37): CodeIgniter\CodeIgniter->run()
#4 {main}
CRITICAL - 2021-09-08 11:01:10 --> Class "PhpOffice\PhpSpreadsheet\Spreadsheet" not found
#0 F:\Projects\mobasher\ci4\system\CodeIgniter.php(802): App\Controllers\Export->export_excel()
#1 F:\Projects\mobasher\ci4\system\CodeIgniter.php(399): CodeIgniter\CodeIgniter->runController(Object(App\Controllers\Export))
#2 F:\Projects\mobasher\ci4\system\CodeIgniter.php(317): CodeIgniter\CodeIgniter->handleRequest(NULL, Object(Config\Cache), false)
#3 F:\Projects\mobasher\ci4\public\index.php(37): CodeIgniter\CodeIgniter->run()
#4 {main}
CRITICAL - 2021-09-08 11:04:32 --> Class "PhpOffice\PhpSpreadsheet\Spreadsheet" not found
#0 F:\Projects\mobasher\ci4\system\CodeIgniter.php(802): App\Controllers\Export->export_excel()
#1 F:\Projects\mobasher\ci4\system\CodeIgniter.php(399): CodeIgniter\CodeIgniter->runController(Object(App\Controllers\Export))
#2 F:\Projects\mobasher\ci4\system\CodeIgniter.php(317): CodeIgniter\CodeIgniter->handleRequest(NULL, Object(Config\Cache), false)
#3 F:\Projects\mobasher\ci4\public\index.php(37): CodeIgniter\CodeIgniter->run()
#4 {main}
CRITICAL - 2021-09-08 11:04:33 --> Class "PhpOffice\PhpSpreadsheet\Spreadsheet" not found
#0 F:\Projects\mobasher\ci4\system\CodeIgniter.php(802): App\Controllers\Export->export_excel()
#1 F:\Projects\mobasher\ci4\system\CodeIgniter.php(399): CodeIgniter\CodeIgniter->runController(Object(App\Controllers\Export))
#2 F:\Projects\mobasher\ci4\system\CodeIgniter.php(317): CodeIgniter\CodeIgniter->handleRequest(NULL, Object(Config\Cache), false)
#3 F:\Projects\mobasher\ci4\public\index.php(37): CodeIgniter\CodeIgniter->run()
#4 {main}
CRITICAL - 2021-09-08 11:04:34 --> Class "PhpOffice\PhpSpreadsheet\Spreadsheet" not found
#0 F:\Projects\mobasher\ci4\system\CodeIgniter.php(802): App\Controllers\Export->export_excel()
#1 F:\Projects\mobasher\ci4\system\CodeIgniter.php(399): CodeIgniter\CodeIgniter->runController(Object(App\Controllers\Export))
#2 F:\Projects\mobasher\ci4\system\CodeIgniter.php(317): CodeIgniter\CodeIgniter->handleRequest(NULL, Object(Config\Cache), false)
#3 F:\Projects\mobasher\ci4\public\index.php(37): CodeIgniter\CodeIgniter->run()
#4 {main}
CRITICAL - 2021-09-08 11:04:34 --> Class "PhpOffice\PhpSpreadsheet\Spreadsheet" not found
#0 F:\Projects\mobasher\ci4\system\CodeIgniter.php(802): App\Controllers\Export->export_excel()
#1 F:\Projects\mobasher\ci4\system\CodeIgniter.php(399): CodeIgniter\CodeIgniter->runController(Object(App\Controllers\Export))
#2 F:\Projects\mobasher\ci4\system\CodeIgniter.php(317): CodeIgniter\CodeIgniter->handleRequest(NULL, Object(Config\Cache), false)
#3 F:\Projects\mobasher\ci4\public\index.php(37): CodeIgniter\CodeIgniter->run()
#4 {main}
CRITICAL - 2021-09-08 11:04:34 --> Class "PhpOffice\PhpSpreadsheet\Spreadsheet" not found
#0 F:\Projects\mobasher\ci4\system\CodeIgniter.php(802): App\Controllers\Export->export_excel()
#1 F:\Projects\mobasher\ci4\system\CodeIgniter.php(399): CodeIgniter\CodeIgniter->runController(Object(App\Controllers\Export))
#2 F:\Projects\mobasher\ci4\system\CodeIgniter.php(317): CodeIgniter\CodeIgniter->handleRequest(NULL, Object(Config\Cache), false)
#3 F:\Projects\mobasher\ci4\public\index.php(37): CodeIgniter\CodeIgniter->run()
#4 {main}
CRITICAL - 2021-09-08 11:06:52 --> Class "PhpOffice\PhpSpreadsheet\Spreadsheet" not found
#0 F:\Projects\mobasher\ci4\system\CodeIgniter.php(802): App\Controllers\Export->export_excel()
#1 F:\Projects\mobasher\ci4\system\CodeIgniter.php(399): CodeIgniter\CodeIgniter->runController(Object(App\Controllers\Export))
#2 F:\Projects\mobasher\ci4\system\CodeIgniter.php(317): CodeIgniter\CodeIgniter->handleRequest(NULL, Object(Config\Cache), false)
#3 F:\Projects\mobasher\ci4\public\index.php(37): CodeIgniter\CodeIgniter->run()
#4 {main}
CRITICAL - 2021-09-08 11:09:57 --> Class "PhpOffice\PhpSpreadsheet\Spreadsheet" not found
#0 F:\Projects\mobasher\ci4\system\CodeIgniter.php(802): App\Controllers\Export->export_excel()
#1 F:\Projects\mobasher\ci4\system\CodeIgniter.php(399): CodeIgniter\CodeIgniter->runController(Object(App\Controllers\Export))
#2 F:\Projects\mobasher\ci4\system\CodeIgniter.php(317): CodeIgniter\CodeIgniter->handleRequest(NULL, Object(Config\Cache), false)
#3 F:\Projects\mobasher\ci4\public\index.php(37): CodeIgniter\CodeIgniter->run()
#4 {main}
