CRITICAL - 2021-09-10 06:24:24 --> Call to undefined function user()
#0 F:\Projects\mobasher\ci4\system\View\View.php(214): include()
#1 F:\Projects\mobasher\ci4\system\View\View.php(217): CodeIgniter\View\View->CodeIgniter\View\{closure}()
#2 F:\Projects\mobasher\ci4\system\View\View.php(432): CodeIgniter\View\View->render('layout/sidebar', NULL, true)
#3 F:\Projects\mobasher\ci4\app\Views\layout\templates.php(46): CodeIgniter\View\View->include('layout/sidebar')
#4 F:\Projects\mobasher\ci4\system\View\View.php(214): include('F:\\Projects\\mob...')
#5 F:\Projects\mobasher\ci4\system\View\View.php(217): CodeIgniter\View\View->CodeIgniter\View\{closure}()
#6 F:\Projects\mobasher\ci4\system\View\View.php(230): CodeIgniter\View\View->render('layout/template...', Array, true)
#7 F:\Projects\mobasher\ci4\system\Common.php(1092): CodeIgniter\View\View->render('dashboard/index', Array, true)
#8 F:\Projects\mobasher\ci4\app\Controllers\Dashboard.php(13): view('dashboard/index', Array)
#9 F:\Projects\mobasher\ci4\system\CodeIgniter.php(802): App\Controllers\Dashboard->index()
#10 F:\Projects\mobasher\ci4\system\CodeIgniter.php(399): CodeIgniter\CodeIgniter->runController(Object(App\Controllers\Dashboard))
#11 F:\Projects\mobasher\ci4\system\CodeIgniter.php(317): CodeIgniter\CodeIgniter->handleRequest(NULL, Object(Config\Cache), false)
#12 F:\Projects\mobasher\ci4\public\index.php(37): CodeIgniter\CodeIgniter->run()
#13 {main}
CRITICAL - 2021-09-10 06:27:02 --> Call to undefined function form_open()
#0 F:\Projects\mobasher\ci4\system\View\View.php(214): include()
#1 F:\Projects\mobasher\ci4\system\View\View.php(217): CodeIgniter\View\View->CodeIgniter\View\{closure}()
#2 F:\Projects\mobasher\ci4\system\Common.php(1092): CodeIgniter\View\View->render('ajax/view_modal...', Array, true)
#3 F:\Projects\mobasher\ci4\app\Controllers\Ajax.php(123): view('ajax/view_modal...', Array)
#4 F:\Projects\mobasher\ci4\system\CodeIgniter.php(802): App\Controllers\Ajax->get_modal_edit()
#5 F:\Projects\mobasher\ci4\system\CodeIgniter.php(399): CodeIgniter\CodeIgniter->runController(Object(App\Controllers\Ajax))
#6 F:\Projects\mobasher\ci4\system\CodeIgniter.php(317): CodeIgniter\CodeIgniter->handleRequest(NULL, Object(Config\Cache), false)
#7 F:\Projects\mobasher\ci4\public\index.php(37): CodeIgniter\CodeIgniter->run()
#8 {main}
CRITICAL - 2021-09-10 06:27:14 --> Call to undefined function form_open()
#0 F:\Projects\mobasher\ci4\system\View\View.php(214): include()
#1 F:\Projects\mobasher\ci4\system\View\View.php(217): CodeIgniter\View\View->CodeIgniter\View\{closure}()
#2 F:\Projects\mobasher\ci4\system\Common.php(1092): CodeIgniter\View\View->render('ajax/view_modal', Array, true)
#3 F:\Projects\mobasher\ci4\app\Controllers\Ajax.php(47): view('ajax/view_modal')
#4 F:\Projects\mobasher\ci4\system\CodeIgniter.php(802): App\Controllers\Ajax->get_modal()
#5 F:\Projects\mobasher\ci4\system\CodeIgniter.php(399): CodeIgniter\CodeIgniter->runController(Object(App\Controllers\Ajax))
#6 F:\Projects\mobasher\ci4\system\CodeIgniter.php(317): CodeIgniter\CodeIgniter->handleRequest(NULL, Object(Config\Cache), false)
#7 F:\Projects\mobasher\ci4\public\index.php(37): CodeIgniter\CodeIgniter->run()
#8 {main}
CRITICAL - 2021-09-10 06:44:33 --> strong_password is not a valid rule.
#0 F:\Projects\mobasher\ci4\system\Validation\Validation.php(285): CodeIgniter\Validation\Exceptions\ValidationException::forRuleNotFound('strong_password')
#1 F:\Projects\mobasher\ci4\system\Validation\Validation.php(151): CodeIgniter\Validation\Validation->processRules('password', 'password', 'rmatjdwpdlf', Array, Array)
#2 F:\Projects\mobasher\ci4\system\Controller.php(160): CodeIgniter\Validation\Validation->run()
#3 F:\Projects\mobasher\ci4\vendor\myth\auth\src\Controllers\AuthController.php(172): CodeIgniter\Controller->validate(Array)
#4 F:\Projects\mobasher\ci4\system\CodeIgniter.php(802): Myth\Auth\Controllers\AuthController->attemptRegister()
#5 F:\Projects\mobasher\ci4\system\CodeIgniter.php(399): CodeIgniter\CodeIgniter->runController(Object(Myth\Auth\Controllers\AuthController))
#6 F:\Projects\mobasher\ci4\system\CodeIgniter.php(317): CodeIgniter\CodeIgniter->handleRequest(NULL, Object(Config\Cache), false)
#7 F:\Projects\mobasher\ci4\public\index.php(37): CodeIgniter\CodeIgniter->run()
#8 {main}
CRITICAL - 2021-09-10 06:46:56 --> strong_password is not a valid rule.
#0 F:\Projects\mobasher\ci4\system\Validation\Validation.php(285): CodeIgniter\Validation\Exceptions\ValidationException::forRuleNotFound('strong_password')
#1 F:\Projects\mobasher\ci4\system\Validation\Validation.php(151): CodeIgniter\Validation\Validation->processRules('password', 'password', 'a', Array, Array)
#2 F:\Projects\mobasher\ci4\system\Controller.php(160): CodeIgniter\Validation\Validation->run()
#3 F:\Projects\mobasher\ci4\vendor\myth\auth\src\Controllers\AuthController.php(172): CodeIgniter\Controller->validate(Array)
#4 F:\Projects\mobasher\ci4\system\CodeIgniter.php(802): Myth\Auth\Controllers\AuthController->attemptRegister()
#5 F:\Projects\mobasher\ci4\system\CodeIgniter.php(399): CodeIgniter\CodeIgniter->runController(Object(Myth\Auth\Controllers\AuthController))
#6 F:\Projects\mobasher\ci4\system\CodeIgniter.php(317): CodeIgniter\CodeIgniter->handleRequest(NULL, Object(Config\Cache), false)
#7 F:\Projects\mobasher\ci4\public\index.php(37): CodeIgniter\CodeIgniter->run()
#8 {main}
ERROR - 2021-09-10 06:47:32 --> Email: sendWithMail throwed mail(): Failed to connect to mailserver at &quot;localhost&quot; port 25, verify your &quot;SMTP&quot; and &quot;smtp_port&quot; setting in php.ini or use ini_set()
ERROR - 2021-09-10 06:48:31 --> Email: sendWithMail throwed mail(): Failed to connect to mailserver at &quot;localhost&quot; port 25, verify your &quot;SMTP&quot; and &quot;smtp_port&quot; setting in php.ini or use ini_set()
ERROR - 2021-09-10 06:50:27 --> Email: sendWithMail throwed mail(): Failed to connect to mailserver at &quot;localhost&quot; port 25, verify your &quot;SMTP&quot; and &quot;smtp_port&quot; setting in php.ini or use ini_set()
CRITICAL - 2021-09-10 07:16:13 --> Call to undefined function form_open()
#0 F:\Projects\mobasher\ci4\system\View\View.php(214): include()
#1 F:\Projects\mobasher\ci4\system\View\View.php(217): CodeIgniter\View\View->CodeIgniter\View\{closure}()
#2 F:\Projects\mobasher\ci4\system\Common.php(1092): CodeIgniter\View\View->render('ajax/view_modal', Array, true)
#3 F:\Projects\mobasher\ci4\app\Controllers\Ajax.php(47): view('ajax/view_modal')
#4 F:\Projects\mobasher\ci4\system\CodeIgniter.php(802): App\Controllers\Ajax->get_modal()
#5 F:\Projects\mobasher\ci4\system\CodeIgniter.php(399): CodeIgniter\CodeIgniter->runController(Object(App\Controllers\Ajax))
#6 F:\Projects\mobasher\ci4\system\CodeIgniter.php(317): CodeIgniter\CodeIgniter->handleRequest(NULL, Object(Config\Cache), false)
#7 F:\Projects\mobasher\ci4\public\index.php(37): CodeIgniter\CodeIgniter->run()
#8 {main}
CRITICAL - 2021-09-10 07:16:22 --> Call to undefined function form_open()
#0 F:\Projects\mobasher\ci4\system\View\View.php(214): include()
#1 F:\Projects\mobasher\ci4\system\View\View.php(217): CodeIgniter\View\View->CodeIgniter\View\{closure}()
#2 F:\Projects\mobasher\ci4\system\Common.php(1092): CodeIgniter\View\View->render('ajax/view_modal', Array, true)
#3 F:\Projects\mobasher\ci4\app\Controllers\Ajax.php(47): view('ajax/view_modal')
#4 F:\Projects\mobasher\ci4\system\CodeIgniter.php(802): App\Controllers\Ajax->get_modal()
#5 F:\Projects\mobasher\ci4\system\CodeIgniter.php(399): CodeIgniter\CodeIgniter->runController(Object(App\Controllers\Ajax))
#6 F:\Projects\mobasher\ci4\system\CodeIgniter.php(317): CodeIgniter\CodeIgniter->handleRequest(NULL, Object(Config\Cache), false)
#7 F:\Projects\mobasher\ci4\public\index.php(37): CodeIgniter\CodeIgniter->run()
#8 {main}
CRITICAL - 2021-09-10 07:17:37 --> Call to undefined function form_open()
#0 F:\Projects\mobasher\ci4\system\View\View.php(214): include()
#1 F:\Projects\mobasher\ci4\system\View\View.php(217): CodeIgniter\View\View->CodeIgniter\View\{closure}()
#2 F:\Projects\mobasher\ci4\system\Common.php(1092): CodeIgniter\View\View->render('ajax/view_modal', Array, true)
#3 F:\Projects\mobasher\ci4\app\Controllers\Ajax.php(47): view('ajax/view_modal')
#4 F:\Projects\mobasher\ci4\system\CodeIgniter.php(802): App\Controllers\Ajax->get_modal()
#5 F:\Projects\mobasher\ci4\system\CodeIgniter.php(399): CodeIgniter\CodeIgniter->runController(Object(App\Controllers\Ajax))
#6 F:\Projects\mobasher\ci4\system\CodeIgniter.php(317): CodeIgniter\CodeIgniter->handleRequest(NULL, Object(Config\Cache), false)
#7 F:\Projects\mobasher\ci4\public\index.php(37): CodeIgniter\CodeIgniter->run()
#8 {main}
CRITICAL - 2021-09-10 07:17:43 --> Call to undefined function form_open()
#0 F:\Projects\mobasher\ci4\system\View\View.php(214): include()
#1 F:\Projects\mobasher\ci4\system\View\View.php(217): CodeIgniter\View\View->CodeIgniter\View\{closure}()
#2 F:\Projects\mobasher\ci4\system\Common.php(1092): CodeIgniter\View\View->render('ajax/view_modal', Array, true)
#3 F:\Projects\mobasher\ci4\app\Controllers\Ajax.php(47): view('ajax/view_modal')
#4 F:\Projects\mobasher\ci4\system\CodeIgniter.php(802): App\Controllers\Ajax->get_modal()
#5 F:\Projects\mobasher\ci4\system\CodeIgniter.php(399): CodeIgniter\CodeIgniter->runController(Object(App\Controllers\Ajax))
#6 F:\Projects\mobasher\ci4\system\CodeIgniter.php(317): CodeIgniter\CodeIgniter->handleRequest(NULL, Object(Config\Cache), false)
#7 F:\Projects\mobasher\ci4\public\index.php(37): CodeIgniter\CodeIgniter->run()
#8 {main}
CRITICAL - 2021-09-10 07:19:29 --> Undefined property: App\Controllers\Ajax::$load
#0 F:\Projects\mobasher\ci4\app\Controllers\Ajax.php(14): CodeIgniter\Debug\Exceptions->errorHandler(2, 'Undefined prope...', 'F:\\Projects\\mob...', 14)
#1 F:\Projects\mobasher\ci4\system\CodeIgniter.php(779): App\Controllers\Ajax->__construct()
#2 F:\Projects\mobasher\ci4\system\CodeIgniter.php(390): CodeIgniter\CodeIgniter->createController()
#3 F:\Projects\mobasher\ci4\system\CodeIgniter.php(317): CodeIgniter\CodeIgniter->handleRequest(NULL, Object(Config\Cache), false)
#4 F:\Projects\mobasher\ci4\public\index.php(37): CodeIgniter\CodeIgniter->run()
#5 {main}
CRITICAL - 2021-09-10 07:20:04 --> Call to undefined function form_open()
#0 F:\Projects\mobasher\ci4\system\View\View.php(214): include()
#1 F:\Projects\mobasher\ci4\system\View\View.php(217): CodeIgniter\View\View->CodeIgniter\View\{closure}()
#2 F:\Projects\mobasher\ci4\system\Common.php(1092): CodeIgniter\View\View->render('ajax/view_modal', Array, true)
#3 F:\Projects\mobasher\ci4\app\Controllers\Ajax.php(48): view('ajax/view_modal')
#4 F:\Projects\mobasher\ci4\system\CodeIgniter.php(802): App\Controllers\Ajax->get_modal()
#5 F:\Projects\mobasher\ci4\system\CodeIgniter.php(399): CodeIgniter\CodeIgniter->runController(Object(App\Controllers\Ajax))
#6 F:\Projects\mobasher\ci4\system\CodeIgniter.php(317): CodeIgniter\CodeIgniter->handleRequest(NULL, Object(Config\Cache), false)
#7 F:\Projects\mobasher\ci4\public\index.php(37): CodeIgniter\CodeIgniter->run()
#8 {main}
CRITICAL - 2021-09-10 07:20:25 --> Undefined property: CodeIgniter\View\View::$load
#0 F:\Projects\mobasher\ci4\app\Views\ajax\view_modal.php(2): CodeIgniter\Debug\Exceptions->errorHandler(2, 'Undefined prope...', 'F:\\Projects\\mob...', 2)
#1 F:\Projects\mobasher\ci4\system\View\View.php(214): include('F:\\Projects\\mob...')
#2 F:\Projects\mobasher\ci4\system\View\View.php(217): CodeIgniter\View\View->CodeIgniter\View\{closure}()
#3 F:\Projects\mobasher\ci4\system\Common.php(1092): CodeIgniter\View\View->render('ajax/view_modal', Array, true)
#4 F:\Projects\mobasher\ci4\app\Controllers\Ajax.php(47): view('ajax/view_modal')
#5 F:\Projects\mobasher\ci4\system\CodeIgniter.php(802): App\Controllers\Ajax->get_modal()
#6 F:\Projects\mobasher\ci4\system\CodeIgniter.php(399): CodeIgniter\CodeIgniter->runController(Object(App\Controllers\Ajax))
#7 F:\Projects\mobasher\ci4\system\CodeIgniter.php(317): CodeIgniter\CodeIgniter->handleRequest(NULL, Object(Config\Cache), false)
#8 F:\Projects\mobasher\ci4\public\index.php(37): CodeIgniter\CodeIgniter->run()
#9 {main}
CRITICAL - 2021-09-10 07:21:51 --> Undefined property: App\Controllers\Ajax::$load
#0 F:\Projects\mobasher\ci4\app\Controllers\Ajax.php(15): CodeIgniter\Debug\Exceptions->errorHandler(2, 'Undefined prope...', 'F:\\Projects\\mob...', 15)
#1 F:\Projects\mobasher\ci4\system\CodeIgniter.php(779): App\Controllers\Ajax->__construct()
#2 F:\Projects\mobasher\ci4\system\CodeIgniter.php(390): CodeIgniter\CodeIgniter->createController()
#3 F:\Projects\mobasher\ci4\system\CodeIgniter.php(317): CodeIgniter\CodeIgniter->handleRequest(NULL, Object(Config\Cache), false)
#4 F:\Projects\mobasher\ci4\public\index.php(37): CodeIgniter\CodeIgniter->run()
#5 {main}
CRITICAL - 2021-09-10 08:02:44 --> Invalid file: login.php
#0 F:\Projects\mobasher\ci4\system\View\View.php(198): CodeIgniter\Exceptions\FrameworkException::forInvalidFile('login.php')
#1 F:\Projects\mobasher\ci4\system\Common.php(1092): CodeIgniter\View\View->render('login', Array, true)
#2 F:\Projects\mobasher\ci4\app\Controllers\User.php(9): view('login')
#3 F:\Projects\mobasher\ci4\system\CodeIgniter.php(802): App\Controllers\User->index()
#4 F:\Projects\mobasher\ci4\system\CodeIgniter.php(399): CodeIgniter\CodeIgniter->runController(Object(App\Controllers\User))
#5 F:\Projects\mobasher\ci4\system\CodeIgniter.php(317): CodeIgniter\CodeIgniter->handleRequest(NULL, Object(Config\Cache), false)
#6 F:\Projects\mobasher\ci4\public\index.php(37): CodeIgniter\CodeIgniter->run()
#7 {main}
CRITICAL - 2021-09-10 08:03:32 -->  route cannot be found while reverse-routing.
#0 F:\Projects\mobasher\ci4\system\HTTP\RedirectResponse.php(56): CodeIgniter\HTTP\Exceptions\HTTPException::forInvalidRedirectRoute('')
#1 F:\Projects\mobasher\ci4\system\Common.php(835): CodeIgniter\HTTP\RedirectResponse->route(false)
#2 F:\Projects\mobasher\ci4\app\Controllers\User.php(9): redirect('/login')
#3 F:\Projects\mobasher\ci4\system\CodeIgniter.php(802): App\Controllers\User->index()
#4 F:\Projects\mobasher\ci4\system\CodeIgniter.php(399): CodeIgniter\CodeIgniter->runController(Object(App\Controllers\User))
#5 F:\Projects\mobasher\ci4\system\CodeIgniter.php(317): CodeIgniter\CodeIgniter->handleRequest(NULL, Object(Config\Cache), false)
#6 F:\Projects\mobasher\ci4\public\index.php(37): CodeIgniter\CodeIgniter->run()
#7 {main}
CRITICAL - 2021-09-10 08:03:38 -->  route cannot be found while reverse-routing.
#0 F:\Projects\mobasher\ci4\system\HTTP\RedirectResponse.php(56): CodeIgniter\HTTP\Exceptions\HTTPException::forInvalidRedirectRoute('')
#1 F:\Projects\mobasher\ci4\system\Common.php(835): CodeIgniter\HTTP\RedirectResponse->route(false)
#2 F:\Projects\mobasher\ci4\app\Controllers\User.php(9): redirect('/login')
#3 F:\Projects\mobasher\ci4\system\CodeIgniter.php(802): App\Controllers\User->index()
#4 F:\Projects\mobasher\ci4\system\CodeIgniter.php(399): CodeIgniter\CodeIgniter->runController(Object(App\Controllers\User))
#5 F:\Projects\mobasher\ci4\system\CodeIgniter.php(317): CodeIgniter\CodeIgniter->handleRequest(NULL, Object(Config\Cache), false)
#6 F:\Projects\mobasher\ci4\public\index.php(37): CodeIgniter\CodeIgniter->run()
#7 {main}
CRITICAL - 2021-09-10 08:09:25 --> Too few arguments to function App\Controllers\User::check_login(), 0 passed in F:\Projects\mobasher\ci4\system\CodeIgniter.php on line 802 and exactly 1 expected
#0 F:\Projects\mobasher\ci4\system\CodeIgniter.php(802): App\Controllers\User->check_login()
#1 F:\Projects\mobasher\ci4\system\CodeIgniter.php(399): CodeIgniter\CodeIgniter->runController(Object(App\Controllers\User))
#2 F:\Projects\mobasher\ci4\system\CodeIgniter.php(317): CodeIgniter\CodeIgniter->handleRequest(NULL, Object(Config\Cache), false)
#3 F:\Projects\mobasher\ci4\public\index.php(37): CodeIgniter\CodeIgniter->run()
#4 {main}
CRITICAL - 2021-09-10 08:10:05 --> Too few arguments to function App\Controllers\User::check_login(), 0 passed in F:\Projects\mobasher\ci4\system\CodeIgniter.php on line 802 and exactly 1 expected
#0 F:\Projects\mobasher\ci4\system\CodeIgniter.php(802): App\Controllers\User->check_login()
#1 F:\Projects\mobasher\ci4\system\CodeIgniter.php(399): CodeIgniter\CodeIgniter->runController(Object(App\Controllers\User))
#2 F:\Projects\mobasher\ci4\system\CodeIgniter.php(317): CodeIgniter\CodeIgniter->handleRequest(NULL, Object(Config\Cache), false)
#3 F:\Projects\mobasher\ci4\public\index.php(37): CodeIgniter\CodeIgniter->run()
#4 {main}
CRITICAL - 2021-09-10 08:10:31 --> Undefined variable $request
#0 F:\Projects\mobasher\ci4\app\Controllers\User.php(19): CodeIgniter\Debug\Exceptions->errorHandler(2, 'Undefined varia...', 'F:\\Projects\\mob...', 19)
#1 F:\Projects\mobasher\ci4\system\CodeIgniter.php(802): App\Controllers\User->check_login()
#2 F:\Projects\mobasher\ci4\system\CodeIgniter.php(399): CodeIgniter\CodeIgniter->runController(Object(App\Controllers\User))
#3 F:\Projects\mobasher\ci4\system\CodeIgniter.php(317): CodeIgniter\CodeIgniter->handleRequest(NULL, Object(Config\Cache), false)
#4 F:\Projects\mobasher\ci4\public\index.php(37): CodeIgniter\CodeIgniter->run()
#5 {main}
CRITICAL - 2021-09-10 08:10:37 --> Too few arguments to function App\Controllers\User::check_login(), 0 passed in F:\Projects\mobasher\ci4\system\CodeIgniter.php on line 802 and exactly 1 expected
#0 F:\Projects\mobasher\ci4\system\CodeIgniter.php(802): App\Controllers\User->check_login()
#1 F:\Projects\mobasher\ci4\system\CodeIgniter.php(399): CodeIgniter\CodeIgniter->runController(Object(App\Controllers\User))
#2 F:\Projects\mobasher\ci4\system\CodeIgniter.php(317): CodeIgniter\CodeIgniter->handleRequest(NULL, Object(Config\Cache), false)
#3 F:\Projects\mobasher\ci4\public\index.php(37): CodeIgniter\CodeIgniter->run()
#4 {main}
CRITICAL - 2021-09-10 08:16:37 --> syntax error, unexpected token "return"
#0 F:\Projects\mobasher\ci4\system\Autoloader\Autoloader.php(241): CodeIgniter\Autoloader\Autoloader->includeFile('F:\\Projects\\mob...')
#1 F:\Projects\mobasher\ci4\system\Autoloader\Autoloader.php(219): CodeIgniter\Autoloader\Autoloader->loadInNamespace('App\\Controllers...')
#2 [internal function]: CodeIgniter\Autoloader\Autoloader->loadClass('App\\Controllers...')
#3 F:\Projects\mobasher\ci4\system\CodeIgniter.php(767): class_exists('\\App\\Controller...', true)
#4 F:\Projects\mobasher\ci4\system\CodeIgniter.php(386): CodeIgniter\CodeIgniter->startController()
#5 F:\Projects\mobasher\ci4\system\CodeIgniter.php(317): CodeIgniter\CodeIgniter->handleRequest(NULL, Object(Config\Cache), false)
#6 F:\Projects\mobasher\ci4\public\index.php(37): CodeIgniter\CodeIgniter->run()
#7 {main}
CRITICAL - 2021-09-10 08:18:12 --> syntax error, unexpected double-quoted string "asdf"
#0 F:\Projects\mobasher\ci4\system\Autoloader\Autoloader.php(241): CodeIgniter\Autoloader\Autoloader->includeFile('F:\\Projects\\mob...')
#1 F:\Projects\mobasher\ci4\system\Autoloader\Autoloader.php(219): CodeIgniter\Autoloader\Autoloader->loadInNamespace('App\\Controllers...')
#2 [internal function]: CodeIgniter\Autoloader\Autoloader->loadClass('App\\Controllers...')
#3 F:\Projects\mobasher\ci4\system\CodeIgniter.php(767): class_exists('\\App\\Controller...', true)
#4 F:\Projects\mobasher\ci4\system\CodeIgniter.php(386): CodeIgniter\CodeIgniter->startController()
#5 F:\Projects\mobasher\ci4\system\CodeIgniter.php(317): CodeIgniter\CodeIgniter->handleRequest(NULL, Object(Config\Cache), false)
#6 F:\Projects\mobasher\ci4\public\index.php(37): CodeIgniter\CodeIgniter->run()
#7 {main}
CRITICAL - 2021-09-10 08:18:50 -->  route cannot be found while reverse-routing.
#0 F:\Projects\mobasher\ci4\system\HTTP\RedirectResponse.php(56): CodeIgniter\HTTP\Exceptions\HTTPException::forInvalidRedirectRoute('')
#1 F:\Projects\mobasher\ci4\system\Common.php(835): CodeIgniter\HTTP\RedirectResponse->route(false)
#2 F:\Projects\mobasher\ci4\app\Controllers\User.php(29): redirect('/dashboard')
#3 F:\Projects\mobasher\ci4\system\CodeIgniter.php(802): App\Controllers\User->check_login()
#4 F:\Projects\mobasher\ci4\system\CodeIgniter.php(399): CodeIgniter\CodeIgniter->runController(Object(App\Controllers\User))
#5 F:\Projects\mobasher\ci4\system\CodeIgniter.php(317): CodeIgniter\CodeIgniter->handleRequest(NULL, Object(Config\Cache), false)
#6 F:\Projects\mobasher\ci4\public\index.php(37): CodeIgniter\CodeIgniter->run()
#7 {main}
CRITICAL - 2021-09-10 08:18:57 -->  route cannot be found while reverse-routing.
#0 F:\Projects\mobasher\ci4\system\HTTP\RedirectResponse.php(56): CodeIgniter\HTTP\Exceptions\HTTPException::forInvalidRedirectRoute('')
#1 F:\Projects\mobasher\ci4\system\Common.php(835): CodeIgniter\HTTP\RedirectResponse->route(false)
#2 F:\Projects\mobasher\ci4\app\Controllers\User.php(29): redirect('/dashboard')
#3 F:\Projects\mobasher\ci4\system\CodeIgniter.php(802): App\Controllers\User->check_login()
#4 F:\Projects\mobasher\ci4\system\CodeIgniter.php(399): CodeIgniter\CodeIgniter->runController(Object(App\Controllers\User))
#5 F:\Projects\mobasher\ci4\system\CodeIgniter.php(317): CodeIgniter\CodeIgniter->handleRequest(NULL, Object(Config\Cache), false)
#6 F:\Projects\mobasher\ci4\public\index.php(37): CodeIgniter\CodeIgniter->run()
#7 {main}
CRITICAL - 2021-09-10 08:19:13 -->  route cannot be found while reverse-routing.
#0 F:\Projects\mobasher\ci4\system\HTTP\RedirectResponse.php(56): CodeIgniter\HTTP\Exceptions\HTTPException::forInvalidRedirectRoute('')
#1 F:\Projects\mobasher\ci4\system\Common.php(835): CodeIgniter\HTTP\RedirectResponse->route(false)
#2 F:\Projects\mobasher\ci4\app\Controllers\User.php(29): redirect('/dashboard')
#3 F:\Projects\mobasher\ci4\system\CodeIgniter.php(802): App\Controllers\User->check_login()
#4 F:\Projects\mobasher\ci4\system\CodeIgniter.php(399): CodeIgniter\CodeIgniter->runController(Object(App\Controllers\User))
#5 F:\Projects\mobasher\ci4\system\CodeIgniter.php(317): CodeIgniter\CodeIgniter->handleRequest(NULL, Object(Config\Cache), false)
#6 F:\Projects\mobasher\ci4\public\index.php(37): CodeIgniter\CodeIgniter->run()
#7 {main}
CRITICAL - 2021-09-10 08:19:21 -->  route cannot be found while reverse-routing.
#0 F:\Projects\mobasher\ci4\system\HTTP\RedirectResponse.php(56): CodeIgniter\HTTP\Exceptions\HTTPException::forInvalidRedirectRoute('')
#1 F:\Projects\mobasher\ci4\system\Common.php(835): CodeIgniter\HTTP\RedirectResponse->route(false)
#2 F:\Projects\mobasher\ci4\app\Controllers\User.php(29): redirect('/dashboard')
#3 F:\Projects\mobasher\ci4\system\CodeIgniter.php(802): App\Controllers\User->check_login()
#4 F:\Projects\mobasher\ci4\system\CodeIgniter.php(399): CodeIgniter\CodeIgniter->runController(Object(App\Controllers\User))
#5 F:\Projects\mobasher\ci4\system\CodeIgniter.php(317): CodeIgniter\CodeIgniter->handleRequest(NULL, Object(Config\Cache), false)
#6 F:\Projects\mobasher\ci4\public\index.php(37): CodeIgniter\CodeIgniter->run()
#7 {main}
CRITICAL - 2021-09-10 08:27:03 --> Undefined variable $userModel
#0 F:\Projects\mobasher\ci4\app\Controllers\User.php(24): CodeIgniter\Debug\Exceptions->errorHandler(2, 'Undefined varia...', 'F:\\Projects\\mob...', 24)
#1 F:\Projects\mobasher\ci4\system\CodeIgniter.php(802): App\Controllers\User->check_login()
#2 F:\Projects\mobasher\ci4\system\CodeIgniter.php(399): CodeIgniter\CodeIgniter->runController(Object(App\Controllers\User))
#3 F:\Projects\mobasher\ci4\system\CodeIgniter.php(317): CodeIgniter\CodeIgniter->handleRequest(NULL, Object(Config\Cache), false)
#4 F:\Projects\mobasher\ci4\public\index.php(37): CodeIgniter\CodeIgniter->run()
#5 {main}
CRITICAL - 2021-09-10 08:27:24 --> Undefined property: App\Controllers\User::$userModel
#0 F:\Projects\mobasher\ci4\app\Controllers\User.php(24): CodeIgniter\Debug\Exceptions->errorHandler(2, 'Undefined prope...', 'F:\\Projects\\mob...', 24)
#1 F:\Projects\mobasher\ci4\system\CodeIgniter.php(802): App\Controllers\User->check_login()
#2 F:\Projects\mobasher\ci4\system\CodeIgniter.php(399): CodeIgniter\CodeIgniter->runController(Object(App\Controllers\User))
#3 F:\Projects\mobasher\ci4\system\CodeIgniter.php(317): CodeIgniter\CodeIgniter->handleRequest(NULL, Object(Config\Cache), false)
#4 F:\Projects\mobasher\ci4\public\index.php(37): CodeIgniter\CodeIgniter->run()
#5 {main}
CRITICAL - 2021-09-10 08:27:46 --> Call to a member function where() on null
#0 F:\Projects\mobasher\ci4\system\CodeIgniter.php(802): App\Controllers\User->check_login()
#1 F:\Projects\mobasher\ci4\system\CodeIgniter.php(399): CodeIgniter\CodeIgniter->runController(Object(App\Controllers\User))
#2 F:\Projects\mobasher\ci4\system\CodeIgniter.php(317): CodeIgniter\CodeIgniter->handleRequest(NULL, Object(Config\Cache), false)
#3 F:\Projects\mobasher\ci4\public\index.php(37): CodeIgniter\CodeIgniter->run()
#4 {main}
CRITICAL - 2021-09-10 08:28:18 --> Call to a member function where() on null
#0 F:\Projects\mobasher\ci4\system\CodeIgniter.php(802): App\Controllers\User->check_login()
#1 F:\Projects\mobasher\ci4\system\CodeIgniter.php(399): CodeIgniter\CodeIgniter->runController(Object(App\Controllers\User))
#2 F:\Projects\mobasher\ci4\system\CodeIgniter.php(317): CodeIgniter\CodeIgniter->handleRequest(NULL, Object(Config\Cache), false)
#3 F:\Projects\mobasher\ci4\public\index.php(37): CodeIgniter\CodeIgniter->run()
#4 {main}
CRITICAL - 2021-09-10 08:29:25 --> syntax error, unexpected token "return"
#0 F:\Projects\mobasher\ci4\system\Autoloader\Autoloader.php(241): CodeIgniter\Autoloader\Autoloader->includeFile('F:\\Projects\\mob...')
#1 F:\Projects\mobasher\ci4\system\Autoloader\Autoloader.php(219): CodeIgniter\Autoloader\Autoloader->loadInNamespace('App\\Controllers...')
#2 [internal function]: CodeIgniter\Autoloader\Autoloader->loadClass('App\\Controllers...')
#3 F:\Projects\mobasher\ci4\system\CodeIgniter.php(767): class_exists('\\App\\Controller...', true)
#4 F:\Projects\mobasher\ci4\system\CodeIgniter.php(386): CodeIgniter\CodeIgniter->startController()
#5 F:\Projects\mobasher\ci4\system\CodeIgniter.php(317): CodeIgniter\CodeIgniter->handleRequest(NULL, Object(Config\Cache), false)
#6 F:\Projects\mobasher\ci4\public\index.php(37): CodeIgniter\CodeIgniter->run()
#7 {main}
CRITICAL - 2021-09-10 08:31:41 --> syntax error, unexpected token "(", expecting variable
#0 F:\Projects\mobasher\ci4\system\Autoloader\Autoloader.php(241): CodeIgniter\Autoloader\Autoloader->includeFile('F:\\Projects\\mob...')
#1 F:\Projects\mobasher\ci4\system\Autoloader\Autoloader.php(219): CodeIgniter\Autoloader\Autoloader->loadInNamespace('App\\Models\\User...')
#2 F:\Projects\mobasher\ci4\app\Controllers\User.php(14): CodeIgniter\Autoloader\Autoloader->loadClass('App\\Models\\User...')
#3 F:\Projects\mobasher\ci4\system\CodeIgniter.php(779): App\Controllers\User->__construct()
#4 F:\Projects\mobasher\ci4\system\CodeIgniter.php(390): CodeIgniter\CodeIgniter->createController()
#5 F:\Projects\mobasher\ci4\system\CodeIgniter.php(317): CodeIgniter\CodeIgniter->handleRequest(NULL, Object(Config\Cache), false)
#6 F:\Projects\mobasher\ci4\public\index.php(37): CodeIgniter\CodeIgniter->run()
#7 {main}
CRITICAL - 2021-09-10 08:35:18 --> password_hash(): Argument #2 ($algo) must be a valid password hashing algorithm
#0 F:\Projects\mobasher\ci4\app\Models\UserModel.php(21): password_hash('starter12345', 'default')
#1 F:\Projects\mobasher\ci4\app\Controllers\User.php(29): App\Models\UserModel->attemptLogin('user@gmail.com', 'starter12345')
#2 F:\Projects\mobasher\ci4\system\CodeIgniter.php(802): App\Controllers\User->check_login()
#3 F:\Projects\mobasher\ci4\system\CodeIgniter.php(399): CodeIgniter\CodeIgniter->runController(Object(App\Controllers\User))
#4 F:\Projects\mobasher\ci4\system\CodeIgniter.php(317): CodeIgniter\CodeIgniter->handleRequest(NULL, Object(Config\Cache), false)
#5 F:\Projects\mobasher\ci4\public\index.php(37): CodeIgniter\CodeIgniter->run()
#6 {main}
CRITICAL - 2021-09-10 08:38:57 --> Undefined property: stdClass::$hashed_password
#0 F:\Projects\mobasher\ci4\app\Models\UserModel.php(22): CodeIgniter\Debug\Exceptions->errorHandler(2, 'Undefined prope...', 'F:\\Projects\\mob...', 22)
#1 F:\Projects\mobasher\ci4\app\Controllers\User.php(29): App\Models\UserModel->attemptLogin('user@gmail.com', 'qwer')
#2 F:\Projects\mobasher\ci4\system\CodeIgniter.php(802): App\Controllers\User->check_login()
#3 F:\Projects\mobasher\ci4\system\CodeIgniter.php(399): CodeIgniter\CodeIgniter->runController(Object(App\Controllers\User))
#4 F:\Projects\mobasher\ci4\system\CodeIgniter.php(317): CodeIgniter\CodeIgniter->handleRequest(NULL, Object(Config\Cache), false)
#5 F:\Projects\mobasher\ci4\public\index.php(37): CodeIgniter\CodeIgniter->run()
#6 {main}
CRITICAL - 2021-09-10 08:39:15 --> Undefined property: stdClass::$hashed_password
#0 F:\Projects\mobasher\ci4\app\Models\UserModel.php(23): CodeIgniter\Debug\Exceptions->errorHandler(2, 'Undefined prope...', 'F:\\Projects\\mob...', 23)
#1 F:\Projects\mobasher\ci4\app\Controllers\User.php(29): App\Models\UserModel->attemptLogin('user@gmail.com', 'qwer')
#2 F:\Projects\mobasher\ci4\system\CodeIgniter.php(802): App\Controllers\User->check_login()
#3 F:\Projects\mobasher\ci4\system\CodeIgniter.php(399): CodeIgniter\CodeIgniter->runController(Object(App\Controllers\User))
#4 F:\Projects\mobasher\ci4\system\CodeIgniter.php(317): CodeIgniter\CodeIgniter->handleRequest(NULL, Object(Config\Cache), false)
#5 F:\Projects\mobasher\ci4\public\index.php(37): CodeIgniter\CodeIgniter->run()
#6 {main}
CRITICAL - 2021-09-10 08:39:25 --> Undefined constant "App\Models\hashed_password"
#0 F:\Projects\mobasher\ci4\app\Controllers\User.php(29): App\Models\UserModel->attemptLogin('user@gmail.com', 'qwer')
#1 F:\Projects\mobasher\ci4\system\CodeIgniter.php(802): App\Controllers\User->check_login()
#2 F:\Projects\mobasher\ci4\system\CodeIgniter.php(399): CodeIgniter\CodeIgniter->runController(Object(App\Controllers\User))
#3 F:\Projects\mobasher\ci4\system\CodeIgniter.php(317): CodeIgniter\CodeIgniter->handleRequest(NULL, Object(Config\Cache), false)
#4 F:\Projects\mobasher\ci4\public\index.php(37): CodeIgniter\CodeIgniter->run()
#5 {main}
CRITICAL - 2021-09-10 08:48:06 --> Undefined variable $result
#0 F:\Projects\mobasher\ci4\app\Controllers\User.php(30): CodeIgniter\Debug\Exceptions->errorHandler(2, 'Undefined varia...', 'F:\\Projects\\mob...', 30)
#1 F:\Projects\mobasher\ci4\system\CodeIgniter.php(802): App\Controllers\User->check_login()
#2 F:\Projects\mobasher\ci4\system\CodeIgniter.php(399): CodeIgniter\CodeIgniter->runController(Object(App\Controllers\User))
#3 F:\Projects\mobasher\ci4\system\CodeIgniter.php(317): CodeIgniter\CodeIgniter->handleRequest(NULL, Object(Config\Cache), false)
#4 F:\Projects\mobasher\ci4\public\index.php(37): CodeIgniter\CodeIgniter->run()
#5 {main}
CRITICAL - 2021-09-10 08:48:31 --> Attempt to read property "type" on array
#0 F:\Projects\mobasher\ci4\app\Controllers\User.php(30): CodeIgniter\Debug\Exceptions->errorHandler(2, 'Attempt to read...', 'F:\\Projects\\mob...', 30)
#1 F:\Projects\mobasher\ci4\system\CodeIgniter.php(802): App\Controllers\User->check_login()
#2 F:\Projects\mobasher\ci4\system\CodeIgniter.php(399): CodeIgniter\CodeIgniter->runController(Object(App\Controllers\User))
#3 F:\Projects\mobasher\ci4\system\CodeIgniter.php(317): CodeIgniter\CodeIgniter->handleRequest(NULL, Object(Config\Cache), false)
#4 F:\Projects\mobasher\ci4\public\index.php(37): CodeIgniter\CodeIgniter->run()
#5 {main}
CRITICAL - 2021-09-10 08:50:53 --> Undefined variable $error
#0 F:\Projects\mobasher\ci4\app\Views\auth\login.php(64): CodeIgniter\Debug\Exceptions->errorHandler(2, 'Undefined varia...', 'F:\\Projects\\mob...', 64)
#1 F:\Projects\mobasher\ci4\system\View\View.php(214): include('F:\\Projects\\mob...')
#2 F:\Projects\mobasher\ci4\system\View\View.php(217): CodeIgniter\View\View->CodeIgniter\View\{closure}()
#3 F:\Projects\mobasher\ci4\system\Common.php(1092): CodeIgniter\View\View->render('auth/login', Array, true)
#4 F:\Projects\mobasher\ci4\app\Controllers\User.php(23): view('auth/login')
#5 F:\Projects\mobasher\ci4\system\CodeIgniter.php(802): App\Controllers\User->login()
#6 F:\Projects\mobasher\ci4\system\CodeIgniter.php(399): CodeIgniter\CodeIgniter->runController(Object(App\Controllers\User))
#7 F:\Projects\mobasher\ci4\system\CodeIgniter.php(317): CodeIgniter\CodeIgniter->handleRequest(NULL, Object(Config\Cache), false)
#8 F:\Projects\mobasher\ci4\public\index.php(37): CodeIgniter\CodeIgniter->run()
#9 {main}
CRITICAL - 2021-09-10 08:51:08 --> syntax error, unexpected token "if"
#0 F:\Projects\mobasher\ci4\system\View\View.php(217): CodeIgniter\View\View->CodeIgniter\View\{closure}()
#1 F:\Projects\mobasher\ci4\system\Common.php(1092): CodeIgniter\View\View->render('auth/login', Array, true)
#2 F:\Projects\mobasher\ci4\app\Controllers\User.php(23): view('auth/login')
#3 F:\Projects\mobasher\ci4\system\CodeIgniter.php(802): App\Controllers\User->login()
#4 F:\Projects\mobasher\ci4\system\CodeIgniter.php(399): CodeIgniter\CodeIgniter->runController(Object(App\Controllers\User))
#5 F:\Projects\mobasher\ci4\system\CodeIgniter.php(317): CodeIgniter\CodeIgniter->handleRequest(NULL, Object(Config\Cache), false)
#6 F:\Projects\mobasher\ci4\public\index.php(37): CodeIgniter\CodeIgniter->run()
#7 {main}
CRITICAL - 2021-09-10 08:51:10 --> syntax error, unexpected token "if"
#0 F:\Projects\mobasher\ci4\system\View\View.php(217): CodeIgniter\View\View->CodeIgniter\View\{closure}()
#1 F:\Projects\mobasher\ci4\system\Common.php(1092): CodeIgniter\View\View->render('auth/login', Array, true)
#2 F:\Projects\mobasher\ci4\app\Controllers\User.php(23): view('auth/login')
#3 F:\Projects\mobasher\ci4\system\CodeIgniter.php(802): App\Controllers\User->login()
#4 F:\Projects\mobasher\ci4\system\CodeIgniter.php(399): CodeIgniter\CodeIgniter->runController(Object(App\Controllers\User))
#5 F:\Projects\mobasher\ci4\system\CodeIgniter.php(317): CodeIgniter\CodeIgniter->handleRequest(NULL, Object(Config\Cache), false)
#6 F:\Projects\mobasher\ci4\public\index.php(37): CodeIgniter\CodeIgniter->run()
#7 {main}
CRITICAL - 2021-09-10 08:54:58 --> Undefined property: App\Controllers\User::$session
#0 F:\Projects\mobasher\ci4\app\Controllers\User.php(22): CodeIgniter\Debug\Exceptions->errorHandler(2, 'Undefined prope...', 'F:\\Projects\\mob...', 22)
#1 F:\Projects\mobasher\ci4\system\CodeIgniter.php(802): App\Controllers\User->login()
#2 F:\Projects\mobasher\ci4\system\CodeIgniter.php(399): CodeIgniter\CodeIgniter->runController(Object(App\Controllers\User))
#3 F:\Projects\mobasher\ci4\system\CodeIgniter.php(317): CodeIgniter\CodeIgniter->handleRequest(NULL, Object(Config\Cache), false)
#4 F:\Projects\mobasher\ci4\public\index.php(37): CodeIgniter\CodeIgniter->run()
#5 {main}
CRITICAL - 2021-09-10 08:56:56 --> Undefined property: App\Controllers\User::$session
#0 F:\Projects\mobasher\ci4\app\Controllers\User.php(23): CodeIgniter\Debug\Exceptions->errorHandler(2, 'Undefined prope...', 'F:\\Projects\\mob...', 23)
#1 F:\Projects\mobasher\ci4\system\CodeIgniter.php(802): App\Controllers\User->login()
#2 F:\Projects\mobasher\ci4\system\CodeIgniter.php(399): CodeIgniter\CodeIgniter->runController(Object(App\Controllers\User))
#3 F:\Projects\mobasher\ci4\system\CodeIgniter.php(317): CodeIgniter\CodeIgniter->handleRequest(NULL, Object(Config\Cache), false)
#4 F:\Projects\mobasher\ci4\public\index.php(37): CodeIgniter\CodeIgniter->run()
#5 {main}
CRITICAL - 2021-09-10 08:57:11 --> Undefined variable $session
#0 F:\Projects\mobasher\ci4\app\Controllers\User.php(23): CodeIgniter\Debug\Exceptions->errorHandler(2, 'Undefined varia...', 'F:\\Projects\\mob...', 23)
#1 F:\Projects\mobasher\ci4\system\CodeIgniter.php(802): App\Controllers\User->login()
#2 F:\Projects\mobasher\ci4\system\CodeIgniter.php(399): CodeIgniter\CodeIgniter->runController(Object(App\Controllers\User))
#3 F:\Projects\mobasher\ci4\system\CodeIgniter.php(317): CodeIgniter\CodeIgniter->handleRequest(NULL, Object(Config\Cache), false)
#4 F:\Projects\mobasher\ci4\public\index.php(37): CodeIgniter\CodeIgniter->run()
#5 {main}
CRITICAL - 2021-09-10 08:58:54 --> Undefined variable $session
#0 F:\Projects\mobasher\ci4\app\Controllers\User.php(23): CodeIgniter\Debug\Exceptions->errorHandler(2, 'Undefined varia...', 'F:\\Projects\\mob...', 23)
#1 F:\Projects\mobasher\ci4\system\CodeIgniter.php(802): App\Controllers\User->login()
#2 F:\Projects\mobasher\ci4\system\CodeIgniter.php(399): CodeIgniter\CodeIgniter->runController(Object(App\Controllers\User))
#3 F:\Projects\mobasher\ci4\system\CodeIgniter.php(317): CodeIgniter\CodeIgniter->handleRequest(NULL, Object(Config\Cache), false)
#4 F:\Projects\mobasher\ci4\public\index.php(37): CodeIgniter\CodeIgniter->run()
#5 {main}
CRITICAL - 2021-09-10 09:00:26 --> Undefined variable $session
#0 F:\Projects\mobasher\ci4\app\Controllers\User.php(26): CodeIgniter\Debug\Exceptions->errorHandler(2, 'Undefined varia...', 'F:\\Projects\\mob...', 26)
#1 F:\Projects\mobasher\ci4\system\CodeIgniter.php(802): App\Controllers\User->login()
#2 F:\Projects\mobasher\ci4\system\CodeIgniter.php(399): CodeIgniter\CodeIgniter->runController(Object(App\Controllers\User))
#3 F:\Projects\mobasher\ci4\system\CodeIgniter.php(317): CodeIgniter\CodeIgniter->handleRequest(NULL, Object(Config\Cache), false)
#4 F:\Projects\mobasher\ci4\public\index.php(37): CodeIgniter\CodeIgniter->run()
#5 {main}
CRITICAL - 2021-09-10 09:00:40 --> Call to undefined method CodeIgniter\Session\Session::flash_data()
#0 F:\Projects\mobasher\ci4\system\CodeIgniter.php(802): App\Controllers\User->login()
#1 F:\Projects\mobasher\ci4\system\CodeIgniter.php(399): CodeIgniter\CodeIgniter->runController(Object(App\Controllers\User))
#2 F:\Projects\mobasher\ci4\system\CodeIgniter.php(317): CodeIgniter\CodeIgniter->handleRequest(NULL, Object(Config\Cache), false)
#3 F:\Projects\mobasher\ci4\public\index.php(37): CodeIgniter\CodeIgniter->run()
#4 {main}
CRITICAL - 2021-09-10 09:00:50 --> Call to undefined method CodeIgniter\Session\Session::flashdata()
#0 F:\Projects\mobasher\ci4\system\CodeIgniter.php(802): App\Controllers\User->login()
#1 F:\Projects\mobasher\ci4\system\CodeIgniter.php(399): CodeIgniter\CodeIgniter->runController(Object(App\Controllers\User))
#2 F:\Projects\mobasher\ci4\system\CodeIgniter.php(317): CodeIgniter\CodeIgniter->handleRequest(NULL, Object(Config\Cache), false)
#3 F:\Projects\mobasher\ci4\public\index.php(37): CodeIgniter\CodeIgniter->run()
#4 {main}
CRITICAL - 2021-09-10 09:01:31 --> Call to undefined method CodeIgniter\Session\Session::set_flashdata()
#0 F:\Projects\mobasher\ci4\system\CodeIgniter.php(802): App\Controllers\User->check_login()
#1 F:\Projects\mobasher\ci4\system\CodeIgniter.php(399): CodeIgniter\CodeIgniter->runController(Object(App\Controllers\User))
#2 F:\Projects\mobasher\ci4\system\CodeIgniter.php(317): CodeIgniter\CodeIgniter->handleRequest(NULL, Object(Config\Cache), false)
#3 F:\Projects\mobasher\ci4\public\index.php(37): CodeIgniter\CodeIgniter->run()
#4 {main}
CRITICAL - 2021-09-10 09:02:34 --> view(): Argument #2 ($data) must be of type array, null given, called in F:\Projects\mobasher\ci4\app\Controllers\User.php on line 27
#0 F:\Projects\mobasher\ci4\app\Controllers\User.php(27): view('auth/login', NULL)
#1 F:\Projects\mobasher\ci4\system\CodeIgniter.php(802): App\Controllers\User->login()
#2 F:\Projects\mobasher\ci4\system\CodeIgniter.php(399): CodeIgniter\CodeIgniter->runController(Object(App\Controllers\User))
#3 F:\Projects\mobasher\ci4\system\CodeIgniter.php(317): CodeIgniter\CodeIgniter->handleRequest(NULL, Object(Config\Cache), false)
#4 F:\Projects\mobasher\ci4\public\index.php(37): CodeIgniter\CodeIgniter->run()
#5 {main}
CRITICAL - 2021-09-10 09:03:26 --> view(): Argument #2 ($data) must be of type array, string given, called in F:\Projects\mobasher\ci4\app\Controllers\User.php on line 29
#0 F:\Projects\mobasher\ci4\app\Controllers\User.php(29): view('auth/login', 'Invalied creden...')
#1 F:\Projects\mobasher\ci4\system\CodeIgniter.php(802): App\Controllers\User->login()
#2 F:\Projects\mobasher\ci4\system\CodeIgniter.php(399): CodeIgniter\CodeIgniter->runController(Object(App\Controllers\User))
#3 F:\Projects\mobasher\ci4\system\CodeIgniter.php(317): CodeIgniter\CodeIgniter->handleRequest(NULL, Object(Config\Cache), false)
#4 F:\Projects\mobasher\ci4\public\index.php(37): CodeIgniter\CodeIgniter->run()
#5 {main}
CRITICAL - 2021-09-10 09:05:51 --> Undefined variable $error
#0 F:\Projects\mobasher\ci4\app\Views\auth\login.php(64): CodeIgniter\Debug\Exceptions->errorHandler(2, 'Undefined varia...', 'F:\\Projects\\mob...', 64)
#1 F:\Projects\mobasher\ci4\system\View\View.php(214): include('F:\\Projects\\mob...')
#2 F:\Projects\mobasher\ci4\system\View\View.php(217): CodeIgniter\View\View->CodeIgniter\View\{closure}()
#3 F:\Projects\mobasher\ci4\system\Common.php(1092): CodeIgniter\View\View->render('auth/login', Array, true)
#4 F:\Projects\mobasher\ci4\app\Controllers\User.php(29): view('auth/login', Array)
#5 F:\Projects\mobasher\ci4\system\CodeIgniter.php(802): App\Controllers\User->login()
#6 F:\Projects\mobasher\ci4\system\CodeIgniter.php(399): CodeIgniter\CodeIgniter->runController(Object(App\Controllers\User))
#7 F:\Projects\mobasher\ci4\system\CodeIgniter.php(317): CodeIgniter\CodeIgniter->handleRequest(NULL, Object(Config\Cache), false)
#8 F:\Projects\mobasher\ci4\public\index.php(37): CodeIgniter\CodeIgniter->run()
#9 {main}
CRITICAL - 2021-09-10 09:06:13 --> Undefined variable $message
#0 F:\Projects\mobasher\ci4\app\Views\auth\login.php(64): CodeIgniter\Debug\Exceptions->errorHandler(2, 'Undefined varia...', 'F:\\Projects\\mob...', 64)
#1 F:\Projects\mobasher\ci4\system\View\View.php(214): include('F:\\Projects\\mob...')
#2 F:\Projects\mobasher\ci4\system\View\View.php(217): CodeIgniter\View\View->CodeIgniter\View\{closure}()
#3 F:\Projects\mobasher\ci4\system\Common.php(1092): CodeIgniter\View\View->render('auth/login', Array, true)
#4 F:\Projects\mobasher\ci4\app\Controllers\User.php(29): view('auth/login', Array)
#5 F:\Projects\mobasher\ci4\system\CodeIgniter.php(802): App\Controllers\User->login()
#6 F:\Projects\mobasher\ci4\system\CodeIgniter.php(399): CodeIgniter\CodeIgniter->runController(Object(App\Controllers\User))
#7 F:\Projects\mobasher\ci4\system\CodeIgniter.php(317): CodeIgniter\CodeIgniter->handleRequest(NULL, Object(Config\Cache), false)
#8 F:\Projects\mobasher\ci4\public\index.php(37): CodeIgniter\CodeIgniter->run()
#9 {main}
CRITICAL - 2021-09-10 09:16:38 --> Undefined variable $session
#0 F:\Projects\mobasher\ci4\app\Controllers\User.php(25): CodeIgniter\Debug\Exceptions->errorHandler(2, 'Undefined varia...', 'F:\\Projects\\mob...', 25)
#1 F:\Projects\mobasher\ci4\system\CodeIgniter.php(802): App\Controllers\User->logout()
#2 F:\Projects\mobasher\ci4\system\CodeIgniter.php(399): CodeIgniter\CodeIgniter->runController(Object(App\Controllers\User))
#3 F:\Projects\mobasher\ci4\system\CodeIgniter.php(317): CodeIgniter\CodeIgniter->handleRequest(NULL, Object(Config\Cache), false)
#4 F:\Projects\mobasher\ci4\public\index.php(37): CodeIgniter\CodeIgniter->run()
#5 {main}
CRITICAL - 2021-09-10 09:16:53 --> Attempt to read property "username" on null
#0 F:\Projects\mobasher\ci4\app\Views\layout\sidebar.php(28): CodeIgniter\Debug\Exceptions->errorHandler(2, 'Attempt to read...', 'F:\\Projects\\mob...', 28)
#1 F:\Projects\mobasher\ci4\system\View\View.php(214): include('F:\\Projects\\mob...')
#2 F:\Projects\mobasher\ci4\system\View\View.php(217): CodeIgniter\View\View->CodeIgniter\View\{closure}()
#3 F:\Projects\mobasher\ci4\system\View\View.php(432): CodeIgniter\View\View->render('layout/sidebar', NULL, true)
#4 F:\Projects\mobasher\ci4\app\Views\layout\templates.php(46): CodeIgniter\View\View->include('layout/sidebar')
#5 F:\Projects\mobasher\ci4\system\View\View.php(214): include('F:\\Projects\\mob...')
#6 F:\Projects\mobasher\ci4\system\View\View.php(217): CodeIgniter\View\View->CodeIgniter\View\{closure}()
#7 F:\Projects\mobasher\ci4\system\View\View.php(230): CodeIgniter\View\View->render('layout/template...', Array, true)
#8 F:\Projects\mobasher\ci4\system\Common.php(1092): CodeIgniter\View\View->render('dashboard/index', Array, true)
#9 F:\Projects\mobasher\ci4\app\Controllers\Dashboard.php(13): view('dashboard/index', Array)
#10 F:\Projects\mobasher\ci4\system\CodeIgniter.php(802): App\Controllers\Dashboard->index()
#11 F:\Projects\mobasher\ci4\system\CodeIgniter.php(399): CodeIgniter\CodeIgniter->runController(Object(App\Controllers\Dashboard))
#12 F:\Projects\mobasher\ci4\system\CodeIgniter.php(317): CodeIgniter\CodeIgniter->handleRequest(NULL, Object(Config\Cache), false)
#13 F:\Projects\mobasher\ci4\public\index.php(37): CodeIgniter\CodeIgniter->run()
#14 {main}
CRITICAL - 2021-09-10 09:17:37 --> Undefined property: App\Controllers\Dashboard::$session
#0 F:\Projects\mobasher\ci4\app\Controllers\Dashboard.php(9): CodeIgniter\Debug\Exceptions->errorHandler(2, 'Undefined prope...', 'F:\\Projects\\mob...', 9)
#1 F:\Projects\mobasher\ci4\system\CodeIgniter.php(802): App\Controllers\Dashboard->index()
#2 F:\Projects\mobasher\ci4\system\CodeIgniter.php(399): CodeIgniter\CodeIgniter->runController(Object(App\Controllers\Dashboard))
#3 F:\Projects\mobasher\ci4\system\CodeIgniter.php(317): CodeIgniter\CodeIgniter->handleRequest(NULL, Object(Config\Cache), false)
#4 F:\Projects\mobasher\ci4\public\index.php(37): CodeIgniter\CodeIgniter->run()
#5 {main}
CRITICAL - 2021-09-10 09:18:16 --> Class "App\Controllers\UserModel" not found
#0 F:\Projects\mobasher\ci4\system\CodeIgniter.php(779): App\Controllers\Dashboard->__construct()
#1 F:\Projects\mobasher\ci4\system\CodeIgniter.php(390): CodeIgniter\CodeIgniter->createController()
#2 F:\Projects\mobasher\ci4\system\CodeIgniter.php(317): CodeIgniter\CodeIgniter->handleRequest(NULL, Object(Config\Cache), false)
#3 F:\Projects\mobasher\ci4\public\index.php(37): CodeIgniter\CodeIgniter->run()
#4 {main}
CRITICAL - 2021-09-10 09:18:22 -->  route cannot be found while reverse-routing.
#0 F:\Projects\mobasher\ci4\system\HTTP\RedirectResponse.php(56): CodeIgniter\HTTP\Exceptions\HTTPException::forInvalidRedirectRoute('')
#1 F:\Projects\mobasher\ci4\system\Common.php(835): CodeIgniter\HTTP\RedirectResponse->route(false)
#2 F:\Projects\mobasher\ci4\app\Controllers\Dashboard.php(17): redirect('/login')
#3 F:\Projects\mobasher\ci4\system\CodeIgniter.php(802): App\Controllers\Dashboard->index()
#4 F:\Projects\mobasher\ci4\system\CodeIgniter.php(399): CodeIgniter\CodeIgniter->runController(Object(App\Controllers\Dashboard))
#5 F:\Projects\mobasher\ci4\system\CodeIgniter.php(317): CodeIgniter\CodeIgniter->handleRequest(NULL, Object(Config\Cache), false)
#6 F:\Projects\mobasher\ci4\public\index.php(37): CodeIgniter\CodeIgniter->run()
#7 {main}
CRITICAL - 2021-09-10 09:51:13 --> Undefined property: App\Controllers\Apartment::$objectModel
#0 F:\Projects\mobasher\ci4\app\Controllers\Apartment.php(24): CodeIgniter\Debug\Exceptions->errorHandler(2, 'Undefined prope...', 'F:\\Projects\\mob...', 24)
#1 F:\Projects\mobasher\ci4\system\CodeIgniter.php(802): App\Controllers\Apartment->index()
#2 F:\Projects\mobasher\ci4\system\CodeIgniter.php(399): CodeIgniter\CodeIgniter->runController(Object(App\Controllers\Apartment))
#3 F:\Projects\mobasher\ci4\system\CodeIgniter.php(317): CodeIgniter\CodeIgniter->handleRequest(NULL, Object(Config\Cache), false)
#4 F:\Projects\mobasher\ci4\public\index.php(37): CodeIgniter\CodeIgniter->run()
#5 {main}
CRITICAL - 2021-09-10 09:52:48 --> Invalid file: apartment/index.php
#0 F:\Projects\mobasher\ci4\system\View\View.php(198): CodeIgniter\Exceptions\FrameworkException::forInvalidFile('apartment/index...')
#1 F:\Projects\mobasher\ci4\system\Common.php(1092): CodeIgniter\View\View->render('apartment/index', Array, true)
#2 F:\Projects\mobasher\ci4\app\Controllers\Apartment.php(27): view('apartment/index', Array)
#3 F:\Projects\mobasher\ci4\system\CodeIgniter.php(802): App\Controllers\Apartment->index()
#4 F:\Projects\mobasher\ci4\system\CodeIgniter.php(399): CodeIgniter\CodeIgniter->runController(Object(App\Controllers\Apartment))
#5 F:\Projects\mobasher\ci4\system\CodeIgniter.php(317): CodeIgniter\CodeIgniter->handleRequest(NULL, Object(Config\Cache), false)
#6 F:\Projects\mobasher\ci4\public\index.php(37): CodeIgniter\CodeIgniter->run()
#7 {main}
CRITICAL - 2021-09-10 10:09:55 --> The original file is not a valid file.
#0 F:\Projects\mobasher\ci4\system\HTTP\Files\UploadedFile.php(137): CodeIgniter\HTTP\Exceptions\HTTPException::forInvalidFile()
#1 F:\Projects\mobasher\ci4\app\Controllers\Apartment.php(33): CodeIgniter\HTTP\Files\UploadedFile->move('apartment/persp...', '1631286594_fbae...')
#2 F:\Projects\mobasher\ci4\system\CodeIgniter.php(802): App\Controllers\Apartment->upload_perspective()
#3 F:\Projects\mobasher\ci4\system\CodeIgniter.php(399): CodeIgniter\CodeIgniter->runController(Object(App\Controllers\Apartment))
#4 F:\Projects\mobasher\ci4\system\CodeIgniter.php(317): CodeIgniter\CodeIgniter->handleRequest(NULL, Object(Config\Cache), false)
#5 F:\Projects\mobasher\ci4\public\index.php(37): CodeIgniter\CodeIgniter->run()
#6 {main}
CRITICAL - 2021-09-10 10:14:22 --> Cannot use object of type CodeIgniter\HTTP\Files\UploadedFile as array
#0 F:\Projects\mobasher\ci4\system\CodeIgniter.php(802): App\Controllers\Apartment->upload_perspective()
#1 F:\Projects\mobasher\ci4\system\CodeIgniter.php(399): CodeIgniter\CodeIgniter->runController(Object(App\Controllers\Apartment))
#2 F:\Projects\mobasher\ci4\system\CodeIgniter.php(317): CodeIgniter\CodeIgniter->handleRequest(NULL, Object(Config\Cache), false)
#3 F:\Projects\mobasher\ci4\public\index.php(37): CodeIgniter\CodeIgniter->run()
#4 {main}
CRITICAL - 2021-09-10 10:15:37 --> finfo_file(E:\xampp\tmp\phpD859.tmp): Failed to open stream: No such file or directory
#0 [internal function]: CodeIgniter\Debug\Exceptions->errorHandler(2, 'finfo_file(E:\\x...', 'F:\\Projects\\mob...', 109)
#1 F:\Projects\mobasher\ci4\system\Files\File.php(109): finfo_file(Resource id #208, 'E:\\xampp\\tmp\\ph...')
#2 F:\Projects\mobasher\ci4\app\Controllers\Apartment.php(35): CodeIgniter\Files\File->getMimeType()
#3 F:\Projects\mobasher\ci4\system\CodeIgniter.php(802): App\Controllers\Apartment->upload_perspective()
#4 F:\Projects\mobasher\ci4\system\CodeIgniter.php(399): CodeIgniter\CodeIgniter->runController(Object(App\Controllers\Apartment))
#5 F:\Projects\mobasher\ci4\system\CodeIgniter.php(317): CodeIgniter\CodeIgniter->handleRequest(NULL, Object(Config\Cache), false)
#6 F:\Projects\mobasher\ci4\public\index.php(37): CodeIgniter\CodeIgniter->run()
#7 {main}
CRITICAL - 2021-09-10 10:15:50 --> finfo_file(E:\xampp\tmp\phpBAF.tmp): Failed to open stream: No such file or directory
#0 [internal function]: CodeIgniter\Debug\Exceptions->errorHandler(2, 'finfo_file(E:\\x...', 'F:\\Projects\\mob...', 109)
#1 F:\Projects\mobasher\ci4\system\Files\File.php(109): finfo_file(Resource id #208, 'E:\\xampp\\tmp\\ph...')
#2 F:\Projects\mobasher\ci4\app\Controllers\Apartment.php(35): CodeIgniter\Files\File->getMimeType()
#3 F:\Projects\mobasher\ci4\system\CodeIgniter.php(802): App\Controllers\Apartment->upload_perspective()
#4 F:\Projects\mobasher\ci4\system\CodeIgniter.php(399): CodeIgniter\CodeIgniter->runController(Object(App\Controllers\Apartment))
#5 F:\Projects\mobasher\ci4\system\CodeIgniter.php(317): CodeIgniter\CodeIgniter->handleRequest(NULL, Object(Config\Cache), false)
#6 F:\Projects\mobasher\ci4\public\index.php(37): CodeIgniter\CodeIgniter->run()
#7 {main}
CRITICAL - 2021-09-10 10:21:59 --> Undefined variable $userModel
#0 F:\Projects\mobasher\ci4\app\Controllers\Apartment.php(54): CodeIgniter\Debug\Exceptions->errorHandler(2, 'Undefined varia...', 'F:\\Projects\\mob...', 54)
#1 F:\Projects\mobasher\ci4\system\CodeIgniter.php(802): App\Controllers\Apartment->upload_perspective()
#2 F:\Projects\mobasher\ci4\system\CodeIgniter.php(399): CodeIgniter\CodeIgniter->runController(Object(App\Controllers\Apartment))
#3 F:\Projects\mobasher\ci4\system\CodeIgniter.php(317): CodeIgniter\CodeIgniter->handleRequest(NULL, Object(Config\Cache), false)
#4 F:\Projects\mobasher\ci4\public\index.php(37): CodeIgniter\CodeIgniter->run()
#5 {main}
CRITICAL - 2021-09-10 10:24:13 --> Undefined variable $perspectiveModel
#0 F:\Projects\mobasher\ci4\app\Controllers\Apartment.php(55): CodeIgniter\Debug\Exceptions->errorHandler(2, 'Undefined varia...', 'F:\\Projects\\mob...', 55)
#1 F:\Projects\mobasher\ci4\system\CodeIgniter.php(802): App\Controllers\Apartment->upload_perspective()
#2 F:\Projects\mobasher\ci4\system\CodeIgniter.php(399): CodeIgniter\CodeIgniter->runController(Object(App\Controllers\Apartment))
#3 F:\Projects\mobasher\ci4\system\CodeIgniter.php(317): CodeIgniter\CodeIgniter->handleRequest(NULL, Object(Config\Cache), false)
#4 F:\Projects\mobasher\ci4\public\index.php(37): CodeIgniter\CodeIgniter->run()
#5 {main}
ERROR - 2021-09-10 10:37:31 --> Duplicate entry '0' for key 'PRIMARY'
CRITICAL - 2021-09-10 10:37:31 --> Duplicate entry '0' for key 'PRIMARY'
#0 F:\Projects\mobasher\ci4\system\Database\MySQLi\Connection.php(280): mysqli->query('INSERT INTO `pe...')
#1 F:\Projects\mobasher\ci4\system\Database\BaseConnection.php(663): CodeIgniter\Database\MySQLi\Connection->execute('INSERT INTO `pe...')
#2 F:\Projects\mobasher\ci4\system\Database\BaseConnection.php(591): CodeIgniter\Database\BaseConnection->simpleQuery('INSERT INTO `pe...')
#3 F:\Projects\mobasher\ci4\system\Database\BaseBuilder.php(1733): CodeIgniter\Database\BaseConnection->query('INSERT INTO `pe...', Array, false)
#4 F:\Projects\mobasher\ci4\system\Model.php(239): CodeIgniter\Database\BaseBuilder->insert()
#5 F:\Projects\mobasher\ci4\system\BaseModel.php(738): CodeIgniter\Model->doInsert(Array)
#6 F:\Projects\mobasher\ci4\system\Model.php(620): CodeIgniter\BaseModel->insert(Array, true)
#7 F:\Projects\mobasher\ci4\app\Controllers\Apartment.php(55): CodeIgniter\Model->insert(Array)
#8 F:\Projects\mobasher\ci4\system\CodeIgniter.php(802): App\Controllers\Apartment->upload_perspective()
#9 F:\Projects\mobasher\ci4\system\CodeIgniter.php(399): CodeIgniter\CodeIgniter->runController(Object(App\Controllers\Apartment))
#10 F:\Projects\mobasher\ci4\system\CodeIgniter.php(317): CodeIgniter\CodeIgniter->handleRequest(NULL, Object(Config\Cache), false)
#11 F:\Projects\mobasher\ci4\public\index.php(37): CodeIgniter\CodeIgniter->run()
#12 {main}
CRITICAL - 2021-09-10 10:42:05 --> Undefined variable $title
#0 F:\Projects\mobasher\ci4\app\Views\apartment\apartments.php(7): CodeIgniter\Debug\Exceptions->errorHandler(2, 'Undefined varia...', 'F:\\Projects\\mob...', 7)
#1 F:\Projects\mobasher\ci4\system\View\View.php(214): include('F:\\Projects\\mob...')
#2 F:\Projects\mobasher\ci4\system\View\View.php(217): CodeIgniter\View\View->CodeIgniter\View\{closure}()
#3 F:\Projects\mobasher\ci4\system\Common.php(1092): CodeIgniter\View\View->render('apartment/apart...', Array, true)
#4 F:\Projects\mobasher\ci4\app\Controllers\Apartment.php(63): view('apartment/apart...')
#5 F:\Projects\mobasher\ci4\system\CodeIgniter.php(802): App\Controllers\Apartment->apartments()
#6 F:\Projects\mobasher\ci4\system\CodeIgniter.php(399): CodeIgniter\CodeIgniter->runController(Object(App\Controllers\Apartment))
#7 F:\Projects\mobasher\ci4\system\CodeIgniter.php(317): CodeIgniter\CodeIgniter->handleRequest(NULL, Object(Config\Cache), false)
#8 F:\Projects\mobasher\ci4\public\index.php(37): CodeIgniter\CodeIgniter->run()
#9 {main}
CRITICAL - 2021-09-10 10:51:37 --> Attempt to read property "image" on array
#0 F:\Projects\mobasher\ci4\app\Views\apartment\apartments.php(15): CodeIgniter\Debug\Exceptions->errorHandler(2, 'Attempt to read...', 'F:\\Projects\\mob...', 15)
#1 F:\Projects\mobasher\ci4\system\View\View.php(214): include('F:\\Projects\\mob...')
#2 F:\Projects\mobasher\ci4\system\View\View.php(217): CodeIgniter\View\View->CodeIgniter\View\{closure}()
#3 F:\Projects\mobasher\ci4\system\Common.php(1092): CodeIgniter\View\View->render('apartment/apart...', Array, true)
#4 F:\Projects\mobasher\ci4\app\Controllers\Apartment.php(67): view('apartment/apart...', Array)
#5 F:\Projects\mobasher\ci4\system\CodeIgniter.php(802): App\Controllers\Apartment->apartments()
#6 F:\Projects\mobasher\ci4\system\CodeIgniter.php(399): CodeIgniter\CodeIgniter->runController(Object(App\Controllers\Apartment))
#7 F:\Projects\mobasher\ci4\system\CodeIgniter.php(317): CodeIgniter\CodeIgniter->handleRequest(NULL, Object(Config\Cache), false)
#8 F:\Projects\mobasher\ci4\public\index.php(37): CodeIgniter\CodeIgniter->run()
#9 {main}
CRITICAL - 2021-09-10 10:51:44 --> Undefined array key "image"
#0 F:\Projects\mobasher\ci4\app\Views\apartment\apartments.php(15): CodeIgniter\Debug\Exceptions->errorHandler(2, 'Undefined array...', 'F:\\Projects\\mob...', 15)
#1 F:\Projects\mobasher\ci4\system\View\View.php(214): include('F:\\Projects\\mob...')
#2 F:\Projects\mobasher\ci4\system\View\View.php(217): CodeIgniter\View\View->CodeIgniter\View\{closure}()
#3 F:\Projects\mobasher\ci4\system\Common.php(1092): CodeIgniter\View\View->render('apartment/apart...', Array, true)
#4 F:\Projects\mobasher\ci4\app\Controllers\Apartment.php(67): view('apartment/apart...', Array)
#5 F:\Projects\mobasher\ci4\system\CodeIgniter.php(802): App\Controllers\Apartment->apartments()
#6 F:\Projects\mobasher\ci4\system\CodeIgniter.php(399): CodeIgniter\CodeIgniter->runController(Object(App\Controllers\Apartment))
#7 F:\Projects\mobasher\ci4\system\CodeIgniter.php(317): CodeIgniter\CodeIgniter->handleRequest(NULL, Object(Config\Cache), false)
#8 F:\Projects\mobasher\ci4\public\index.php(37): CodeIgniter\CodeIgniter->run()
#9 {main}
CRITICAL - 2021-09-10 10:52:04 --> Call to undefined method App\Models\PerspectiveModel::lastRaw
#0 F:\Projects\mobasher\ci4\app\Controllers\Apartment.php(65): CodeIgniter\Model->__call('lastRaw', Array)
#1 F:\Projects\mobasher\ci4\system\CodeIgniter.php(802): App\Controllers\Apartment->apartments()
#2 F:\Projects\mobasher\ci4\system\CodeIgniter.php(399): CodeIgniter\CodeIgniter->runController(Object(App\Controllers\Apartment))
#3 F:\Projects\mobasher\ci4\system\CodeIgniter.php(317): CodeIgniter\CodeIgniter->handleRequest(NULL, Object(Config\Cache), false)
#4 F:\Projects\mobasher\ci4\public\index.php(37): CodeIgniter\CodeIgniter->run()
#5 {main}
CRITICAL - 2021-09-10 10:52:28 --> Call to undefined method App\Models\PerspectiveModel::getLastRow
#0 F:\Projects\mobasher\ci4\app\Controllers\Apartment.php(65): CodeIgniter\Model->__call('getLastRow', Array)
#1 F:\Projects\mobasher\ci4\system\CodeIgniter.php(802): App\Controllers\Apartment->apartments()
#2 F:\Projects\mobasher\ci4\system\CodeIgniter.php(399): CodeIgniter\CodeIgniter->runController(Object(App\Controllers\Apartment))
#3 F:\Projects\mobasher\ci4\system\CodeIgniter.php(317): CodeIgniter\CodeIgniter->handleRequest(NULL, Object(Config\Cache), false)
#4 F:\Projects\mobasher\ci4\public\index.php(37): CodeIgniter\CodeIgniter->run()
#5 {main}
CRITICAL - 2021-09-10 10:52:34 --> Call to undefined method App\Models\PerspectiveModel::lastRow
#0 F:\Projects\mobasher\ci4\app\Controllers\Apartment.php(65): CodeIgniter\Model->__call('lastRow', Array)
#1 F:\Projects\mobasher\ci4\system\CodeIgniter.php(802): App\Controllers\Apartment->apartments()
#2 F:\Projects\mobasher\ci4\system\CodeIgniter.php(399): CodeIgniter\CodeIgniter->runController(Object(App\Controllers\Apartment))
#3 F:\Projects\mobasher\ci4\system\CodeIgniter.php(317): CodeIgniter\CodeIgniter->handleRequest(NULL, Object(Config\Cache), false)
#4 F:\Projects\mobasher\ci4\public\index.php(37): CodeIgniter\CodeIgniter->run()
#5 {main}
CRITICAL - 2021-09-10 10:53:25 --> Call to a member function last() on array
#0 F:\Projects\mobasher\ci4\system\CodeIgniter.php(802): App\Controllers\Apartment->apartments()
#1 F:\Projects\mobasher\ci4\system\CodeIgniter.php(399): CodeIgniter\CodeIgniter->runController(Object(App\Controllers\Apartment))
#2 F:\Projects\mobasher\ci4\system\CodeIgniter.php(317): CodeIgniter\CodeIgniter->handleRequest(NULL, Object(Config\Cache), false)
#3 F:\Projects\mobasher\ci4\public\index.php(37): CodeIgniter\CodeIgniter->run()
#4 {main}
CRITICAL - 2021-09-10 10:53:36 --> Call to a member function first() on array
#0 F:\Projects\mobasher\ci4\system\CodeIgniter.php(802): App\Controllers\Apartment->apartments()
#1 F:\Projects\mobasher\ci4\system\CodeIgniter.php(399): CodeIgniter\CodeIgniter->runController(Object(App\Controllers\Apartment))
#2 F:\Projects\mobasher\ci4\system\CodeIgniter.php(317): CodeIgniter\CodeIgniter->handleRequest(NULL, Object(Config\Cache), false)
#3 F:\Projects\mobasher\ci4\public\index.php(37): CodeIgniter\CodeIgniter->run()
#4 {main}
CRITICAL - 2021-09-10 10:53:55 --> Attempt to read property "image" on array
#0 F:\Projects\mobasher\ci4\app\Views\apartment\apartments.php(15): CodeIgniter\Debug\Exceptions->errorHandler(2, 'Attempt to read...', 'F:\\Projects\\mob...', 15)
#1 F:\Projects\mobasher\ci4\system\View\View.php(214): include('F:\\Projects\\mob...')
#2 F:\Projects\mobasher\ci4\system\View\View.php(217): CodeIgniter\View\View->CodeIgniter\View\{closure}()
#3 F:\Projects\mobasher\ci4\system\Common.php(1092): CodeIgniter\View\View->render('apartment/apart...', Array, true)
#4 F:\Projects\mobasher\ci4\app\Controllers\Apartment.php(67): view('apartment/apart...', Array)
#5 F:\Projects\mobasher\ci4\system\CodeIgniter.php(802): App\Controllers\Apartment->apartments()
#6 F:\Projects\mobasher\ci4\system\CodeIgniter.php(399): CodeIgniter\CodeIgniter->runController(Object(App\Controllers\Apartment))
#7 F:\Projects\mobasher\ci4\system\CodeIgniter.php(317): CodeIgniter\CodeIgniter->handleRequest(NULL, Object(Config\Cache), false)
#8 F:\Projects\mobasher\ci4\public\index.php(37): CodeIgniter\CodeIgniter->run()
#9 {main}
CRITICAL - 2021-09-10 10:53:59 --> Call to a member function first() on array
#0 F:\Projects\mobasher\ci4\system\CodeIgniter.php(802): App\Controllers\Apartment->apartments()
#1 F:\Projects\mobasher\ci4\system\CodeIgniter.php(399): CodeIgniter\CodeIgniter->runController(Object(App\Controllers\Apartment))
#2 F:\Projects\mobasher\ci4\system\CodeIgniter.php(317): CodeIgniter\CodeIgniter->handleRequest(NULL, Object(Config\Cache), false)
#3 F:\Projects\mobasher\ci4\public\index.php(37): CodeIgniter\CodeIgniter->run()
#4 {main}
CRITICAL - 2021-09-10 10:54:02 --> Attempt to read property "image" on array
#0 F:\Projects\mobasher\ci4\app\Views\apartment\apartments.php(15): CodeIgniter\Debug\Exceptions->errorHandler(2, 'Attempt to read...', 'F:\\Projects\\mob...', 15)
#1 F:\Projects\mobasher\ci4\system\View\View.php(214): include('F:\\Projects\\mob...')
#2 F:\Projects\mobasher\ci4\system\View\View.php(217): CodeIgniter\View\View->CodeIgniter\View\{closure}()
#3 F:\Projects\mobasher\ci4\system\Common.php(1092): CodeIgniter\View\View->render('apartment/apart...', Array, true)
#4 F:\Projects\mobasher\ci4\app\Controllers\Apartment.php(67): view('apartment/apart...', Array)
#5 F:\Projects\mobasher\ci4\system\CodeIgniter.php(802): App\Controllers\Apartment->apartments()
#6 F:\Projects\mobasher\ci4\system\CodeIgniter.php(399): CodeIgniter\CodeIgniter->runController(Object(App\Controllers\Apartment))
#7 F:\Projects\mobasher\ci4\system\CodeIgniter.php(317): CodeIgniter\CodeIgniter->handleRequest(NULL, Object(Config\Cache), false)
#8 F:\Projects\mobasher\ci4\public\index.php(37): CodeIgniter\CodeIgniter->run()
#9 {main}
CRITICAL - 2021-09-10 10:54:14 --> Attempt to read property "image" on array
#0 F:\Projects\mobasher\ci4\app\Views\apartment\apartments.php(15): CodeIgniter\Debug\Exceptions->errorHandler(2, 'Attempt to read...', 'F:\\Projects\\mob...', 15)
#1 F:\Projects\mobasher\ci4\system\View\View.php(214): include('F:\\Projects\\mob...')
#2 F:\Projects\mobasher\ci4\system\View\View.php(217): CodeIgniter\View\View->CodeIgniter\View\{closure}()
#3 F:\Projects\mobasher\ci4\system\Common.php(1092): CodeIgniter\View\View->render('apartment/apart...', Array, true)
#4 F:\Projects\mobasher\ci4\app\Controllers\Apartment.php(67): view('apartment/apart...', Array)
#5 F:\Projects\mobasher\ci4\system\CodeIgniter.php(802): App\Controllers\Apartment->apartments()
#6 F:\Projects\mobasher\ci4\system\CodeIgniter.php(399): CodeIgniter\CodeIgniter->runController(Object(App\Controllers\Apartment))
#7 F:\Projects\mobasher\ci4\system\CodeIgniter.php(317): CodeIgniter\CodeIgniter->handleRequest(NULL, Object(Config\Cache), false)
#8 F:\Projects\mobasher\ci4\public\index.php(37): CodeIgniter\CodeIgniter->run()
#9 {main}
CRITICAL - 2021-09-10 10:54:16 --> Attempt to read property "image" on array
#0 F:\Projects\mobasher\ci4\app\Views\apartment\apartments.php(15): CodeIgniter\Debug\Exceptions->errorHandler(2, 'Attempt to read...', 'F:\\Projects\\mob...', 15)
#1 F:\Projects\mobasher\ci4\system\View\View.php(214): include('F:\\Projects\\mob...')
#2 F:\Projects\mobasher\ci4\system\View\View.php(217): CodeIgniter\View\View->CodeIgniter\View\{closure}()
#3 F:\Projects\mobasher\ci4\system\Common.php(1092): CodeIgniter\View\View->render('apartment/apart...', Array, true)
#4 F:\Projects\mobasher\ci4\app\Controllers\Apartment.php(67): view('apartment/apart...', Array)
#5 F:\Projects\mobasher\ci4\system\CodeIgniter.php(802): App\Controllers\Apartment->apartments()
#6 F:\Projects\mobasher\ci4\system\CodeIgniter.php(399): CodeIgniter\CodeIgniter->runController(Object(App\Controllers\Apartment))
#7 F:\Projects\mobasher\ci4\system\CodeIgniter.php(317): CodeIgniter\CodeIgniter->handleRequest(NULL, Object(Config\Cache), false)
#8 F:\Projects\mobasher\ci4\public\index.php(37): CodeIgniter\CodeIgniter->run()
#9 {main}
CRITICAL - 2021-09-10 10:54:52 --> Attempt to read property "image" on array
#0 F:\Projects\mobasher\ci4\app\Views\apartment\apartments.php(15): CodeIgniter\Debug\Exceptions->errorHandler(2, 'Attempt to read...', 'F:\\Projects\\mob...', 15)
#1 F:\Projects\mobasher\ci4\system\View\View.php(214): include('F:\\Projects\\mob...')
#2 F:\Projects\mobasher\ci4\system\View\View.php(217): CodeIgniter\View\View->CodeIgniter\View\{closure}()
#3 F:\Projects\mobasher\ci4\system\Common.php(1092): CodeIgniter\View\View->render('apartment/apart...', Array, true)
#4 F:\Projects\mobasher\ci4\app\Controllers\Apartment.php(69): view('apartment/apart...', Array)
#5 F:\Projects\mobasher\ci4\system\CodeIgniter.php(802): App\Controllers\Apartment->apartments()
#6 F:\Projects\mobasher\ci4\system\CodeIgniter.php(399): CodeIgniter\CodeIgniter->runController(Object(App\Controllers\Apartment))
#7 F:\Projects\mobasher\ci4\system\CodeIgniter.php(317): CodeIgniter\CodeIgniter->handleRequest(NULL, Object(Config\Cache), false)
#8 F:\Projects\mobasher\ci4\public\index.php(37): CodeIgniter\CodeIgniter->run()
#9 {main}
CRITICAL - 2021-09-10 15:46:55 --> foreach() argument must be of type array|object, string given
#0 F:\Projects\mobasher\ci4\app\Controllers\Apartment.php(76): CodeIgniter\Debug\Exceptions->errorHandler(2, 'foreach() argum...', 'F:\\Projects\\mob...', 76)
#1 F:\Projects\mobasher\ci4\system\CodeIgniter.php(802): App\Controllers\Apartment->save_details()
#2 F:\Projects\mobasher\ci4\system\CodeIgniter.php(399): CodeIgniter\CodeIgniter->runController(Object(App\Controllers\Apartment))
#3 F:\Projects\mobasher\ci4\system\CodeIgniter.php(317): CodeIgniter\CodeIgniter->handleRequest(NULL, Object(Config\Cache), false)
#4 F:\Projects\mobasher\ci4\public\index.php(37): CodeIgniter\CodeIgniter->run()
#5 {main}
CRITICAL - 2021-09-10 15:47:32 --> foreach() argument must be of type array|object, string given
#0 F:\Projects\mobasher\ci4\app\Controllers\Apartment.php(76): CodeIgniter\Debug\Exceptions->errorHandler(2, 'foreach() argum...', 'F:\\Projects\\mob...', 76)
#1 F:\Projects\mobasher\ci4\system\CodeIgniter.php(802): App\Controllers\Apartment->save_details()
#2 F:\Projects\mobasher\ci4\system\CodeIgniter.php(399): CodeIgniter\CodeIgniter->runController(Object(App\Controllers\Apartment))
#3 F:\Projects\mobasher\ci4\system\CodeIgniter.php(317): CodeIgniter\CodeIgniter->handleRequest(NULL, Object(Config\Cache), false)
#4 F:\Projects\mobasher\ci4\public\index.php(37): CodeIgniter\CodeIgniter->run()
#5 {main}
CRITICAL - 2021-09-10 15:47:52 --> Attempt to read property "name" on array
#0 F:\Projects\mobasher\ci4\app\Controllers\Apartment.php(77): CodeIgniter\Debug\Exceptions->errorHandler(2, 'Attempt to read...', 'F:\\Projects\\mob...', 77)
#1 F:\Projects\mobasher\ci4\system\CodeIgniter.php(802): App\Controllers\Apartment->save_details()
#2 F:\Projects\mobasher\ci4\system\CodeIgniter.php(399): CodeIgniter\CodeIgniter->runController(Object(App\Controllers\Apartment))
#3 F:\Projects\mobasher\ci4\system\CodeIgniter.php(317): CodeIgniter\CodeIgniter->handleRequest(NULL, Object(Config\Cache), false)
#4 F:\Projects\mobasher\ci4\public\index.php(37): CodeIgniter\CodeIgniter->run()
#5 {main}
CRITICAL - 2021-09-10 15:51:41 --> foreach() argument must be of type array|object, string given
#0 F:\Projects\mobasher\ci4\app\Controllers\Apartment.php(76): CodeIgniter\Debug\Exceptions->errorHandler(2, 'foreach() argum...', 'F:\\Projects\\mob...', 76)
#1 F:\Projects\mobasher\ci4\system\CodeIgniter.php(802): App\Controllers\Apartment->save_details()
#2 F:\Projects\mobasher\ci4\system\CodeIgniter.php(399): CodeIgniter\CodeIgniter->runController(Object(App\Controllers\Apartment))
#3 F:\Projects\mobasher\ci4\system\CodeIgniter.php(317): CodeIgniter\CodeIgniter->handleRequest(NULL, Object(Config\Cache), false)
#4 F:\Projects\mobasher\ci4\public\index.php(37): CodeIgniter\CodeIgniter->run()
#5 {main}
CRITICAL - 2021-09-10 15:52:48 --> foreach() argument must be of type array|object, string given
#0 F:\Projects\mobasher\ci4\app\Controllers\Apartment.php(77): CodeIgniter\Debug\Exceptions->errorHandler(2, 'foreach() argum...', 'F:\\Projects\\mob...', 77)
#1 F:\Projects\mobasher\ci4\system\CodeIgniter.php(802): App\Controllers\Apartment->save_details()
#2 F:\Projects\mobasher\ci4\system\CodeIgniter.php(399): CodeIgniter\CodeIgniter->runController(Object(App\Controllers\Apartment))
#3 F:\Projects\mobasher\ci4\system\CodeIgniter.php(317): CodeIgniter\CodeIgniter->handleRequest(NULL, Object(Config\Cache), false)
#4 F:\Projects\mobasher\ci4\public\index.php(37): CodeIgniter\CodeIgniter->run()
#5 {main}
CRITICAL - 2021-09-10 15:53:20 --> Undefined variable $detailArray
#0 F:\Projects\mobasher\ci4\app\Controllers\Apartment.php(74): CodeIgniter\Debug\Exceptions->errorHandler(2, 'Undefined varia...', 'F:\\Projects\\mob...', 74)
#1 F:\Projects\mobasher\ci4\system\CodeIgniter.php(802): App\Controllers\Apartment->save_details()
#2 F:\Projects\mobasher\ci4\system\CodeIgniter.php(399): CodeIgniter\CodeIgniter->runController(Object(App\Controllers\Apartment))
#3 F:\Projects\mobasher\ci4\system\CodeIgniter.php(317): CodeIgniter\CodeIgniter->handleRequest(NULL, Object(Config\Cache), false)
#4 F:\Projects\mobasher\ci4\public\index.php(37): CodeIgniter\CodeIgniter->run()
#5 {main}
CRITICAL - 2021-09-10 15:53:22 --> Undefined variable $detailArray
#0 F:\Projects\mobasher\ci4\app\Controllers\Apartment.php(74): CodeIgniter\Debug\Exceptions->errorHandler(2, 'Undefined varia...', 'F:\\Projects\\mob...', 74)
#1 F:\Projects\mobasher\ci4\system\CodeIgniter.php(802): App\Controllers\Apartment->save_details()
#2 F:\Projects\mobasher\ci4\system\CodeIgniter.php(399): CodeIgniter\CodeIgniter->runController(Object(App\Controllers\Apartment))
#3 F:\Projects\mobasher\ci4\system\CodeIgniter.php(317): CodeIgniter\CodeIgniter->handleRequest(NULL, Object(Config\Cache), false)
#4 F:\Projects\mobasher\ci4\public\index.php(37): CodeIgniter\CodeIgniter->run()
#5 {main}
CRITICAL - 2021-09-10 15:53:44 --> foreach() argument must be of type array|object, string given
#0 F:\Projects\mobasher\ci4\app\Controllers\Apartment.php(77): CodeIgniter\Debug\Exceptions->errorHandler(2, 'foreach() argum...', 'F:\\Projects\\mob...', 77)
#1 F:\Projects\mobasher\ci4\system\CodeIgniter.php(802): App\Controllers\Apartment->save_details()
#2 F:\Projects\mobasher\ci4\system\CodeIgniter.php(399): CodeIgniter\CodeIgniter->runController(Object(App\Controllers\Apartment))
#3 F:\Projects\mobasher\ci4\system\CodeIgniter.php(317): CodeIgniter\CodeIgniter->handleRequest(NULL, Object(Config\Cache), false)
#4 F:\Projects\mobasher\ci4\public\index.php(37): CodeIgniter\CodeIgniter->run()
#5 {main}
CRITICAL - 2021-09-10 15:54:02 --> Undefined variable $item
#0 F:\Projects\mobasher\ci4\app\Controllers\Apartment.php(77): CodeIgniter\Debug\Exceptions->errorHandler(2, 'Undefined varia...', 'F:\\Projects\\mob...', 77)
#1 F:\Projects\mobasher\ci4\system\CodeIgniter.php(802): App\Controllers\Apartment->save_details()
#2 F:\Projects\mobasher\ci4\system\CodeIgniter.php(399): CodeIgniter\CodeIgniter->runController(Object(App\Controllers\Apartment))
#3 F:\Projects\mobasher\ci4\system\CodeIgniter.php(317): CodeIgniter\CodeIgniter->handleRequest(NULL, Object(Config\Cache), false)
#4 F:\Projects\mobasher\ci4\public\index.php(37): CodeIgniter\CodeIgniter->run()
#5 {main}
CRITICAL - 2021-09-10 16:32:35 --> count(): Argument #1 ($value) must be of type Countable|array, null given
#0 F:\Projects\mobasher\ci4\app\Controllers\Apartment.php(75): count(NULL)
#1 F:\Projects\mobasher\ci4\system\CodeIgniter.php(802): App\Controllers\Apartment->save_details()
#2 F:\Projects\mobasher\ci4\system\CodeIgniter.php(399): CodeIgniter\CodeIgniter->runController(Object(App\Controllers\Apartment))
#3 F:\Projects\mobasher\ci4\system\CodeIgniter.php(317): CodeIgniter\CodeIgniter->handleRequest(NULL, Object(Config\Cache), false)
#4 F:\Projects\mobasher\ci4\public\index.php(37): CodeIgniter\CodeIgniter->run()
#5 {main}
CRITICAL - 2021-09-10 17:34:27 --> Call to a member function getRandomName() on null
#0 F:\Projects\mobasher\ci4\system\CodeIgniter.php(802): App\Controllers\Apartment->save_details()
#1 F:\Projects\mobasher\ci4\system\CodeIgniter.php(399): CodeIgniter\CodeIgniter->runController(Object(App\Controllers\Apartment))
#2 F:\Projects\mobasher\ci4\system\CodeIgniter.php(317): CodeIgniter\CodeIgniter->handleRequest(NULL, Object(Config\Cache), false)
#3 F:\Projects\mobasher\ci4\public\index.php(37): CodeIgniter\CodeIgniter->run()
#4 {main}
