CRITICAL - 2021-09-13 07:11:22 --> Call to undefined function form_open()
#0 F:\Projects\mobasher\ci4\system\View\View.php(214): include()
#1 F:\Projects\mobasher\ci4\system\View\View.php(217): CodeIgniter\View\View->CodeIgniter\View\{closure}()
#2 F:\Projects\mobasher\ci4\system\Common.php(1092): CodeIgniter\View\View->render('ajax/view_modal...', Array, true)
#3 F:\Projects\mobasher\ci4\app\Controllers\Ajax.php(123): view('ajax/view_modal...', Array)
#4 F:\Projects\mobasher\ci4\system\CodeIgniter.php(802): App\Controllers\Ajax->get_modal_edit()
#5 F:\Projects\mobasher\ci4\system\CodeIgniter.php(399): CodeIgniter\CodeIgniter->runController(Object(App\Controllers\Ajax))
#6 F:\Projects\mobasher\ci4\system\CodeIgniter.php(317): CodeIgniter\CodeIgniter->handleRequest(NULL, Object(Config\Cache), false)
#7 F:\Projects\mobasher\ci4\public\index.php(37): CodeIgniter\CodeIgniter->run()
#8 {main}
CRITICAL - 2021-09-13 08:53:20 --> Undefined variable $t
#0 F:\Projects\mobasher\ci4\app\Controllers\Apartment.php(219): CodeIgniter\Debug\Exceptions->errorHandler(2, 'Undefined varia...', 'F:\\Projects\\mob...', 219)
#1 F:\Projects\mobasher\ci4\system\CodeIgniter.php(802): App\Controllers\Apartment->delete('115')
#2 F:\Projects\mobasher\ci4\system\CodeIgniter.php(399): CodeIgniter\CodeIgniter->runController(Object(App\Controllers\Apartment))
#3 F:\Projects\mobasher\ci4\system\CodeIgniter.php(317): CodeIgniter\CodeIgniter->handleRequest(NULL, Object(Config\Cache), false)
#4 F:\Projects\mobasher\ci4\public\index.php(37): CodeIgniter\CodeIgniter->run()
#5 {main}
CRITICAL - 2021-09-13 11:06:46 --> Attempt to read property "username" on null
#0 F:\Projects\mobasher\ci4\app\Views\layout\sidebar.php(40): CodeIgniter\Debug\Exceptions->errorHandler(2, 'Attempt to read...', 'F:\\Projects\\mob...', 40)
#1 F:\Projects\mobasher\ci4\system\View\View.php(214): include('F:\\Projects\\mob...')
#2 F:\Projects\mobasher\ci4\system\View\View.php(217): CodeIgniter\View\View->CodeIgniter\View\{closure}()
#3 F:\Projects\mobasher\ci4\system\View\View.php(432): CodeIgniter\View\View->render('layout/sidebar', NULL, true)
#4 F:\Projects\mobasher\ci4\app\Views\layout\templates.php(39): CodeIgniter\View\View->include('layout/sidebar')
#5 F:\Projects\mobasher\ci4\system\View\View.php(214): include('F:\\Projects\\mob...')
#6 F:\Projects\mobasher\ci4\system\View\View.php(217): CodeIgniter\View\View->CodeIgniter\View\{closure}()
#7 F:\Projects\mobasher\ci4\system\View\View.php(230): CodeIgniter\View\View->render('layout/template...', Array, true)
#8 F:\Projects\mobasher\ci4\system\Common.php(1092): CodeIgniter\View\View->render('apartment/persp...', Array, true)
#9 F:\Projects\mobasher\ci4\app\Controllers\Apartment.php(30): view('apartment/persp...', Array)
#10 F:\Projects\mobasher\ci4\system\CodeIgniter.php(802): App\Controllers\Apartment->index()
#11 F:\Projects\mobasher\ci4\system\CodeIgniter.php(399): CodeIgniter\CodeIgniter->runController(Object(App\Controllers\Apartment))
#12 F:\Projects\mobasher\ci4\system\CodeIgniter.php(317): CodeIgniter\CodeIgniter->handleRequest(NULL, Object(Config\Cache), false)
#13 F:\Projects\mobasher\ci4\public\index.php(37): CodeIgniter\CodeIgniter->run()
#14 {main}
CRITICAL - 2021-09-13 16:20:36 --> Call to a member function where() on null
#0 F:\Projects\mobasher\ci4\system\CodeIgniter.php(802): App\Controllers\Apartment->preview()
#1 F:\Projects\mobasher\ci4\system\CodeIgniter.php(399): CodeIgniter\CodeIgniter->runController(Object(App\Controllers\Apartment))
#2 F:\Projects\mobasher\ci4\system\CodeIgniter.php(317): CodeIgniter\CodeIgniter->handleRequest(NULL, Object(Config\Cache), false)
#3 F:\Projects\mobasher\ci4\public\index.php(37): CodeIgniter\CodeIgniter->run()
#4 {main}
CRITICAL - 2021-09-13 16:32:26 --> Cannot use object of type stdClass as array
#0 F:\Projects\mobasher\ci4\system\View\View.php(214): include()
#1 F:\Projects\mobasher\ci4\system\View\View.php(217): CodeIgniter\View\View->CodeIgniter\View\{closure}()
#2 F:\Projects\mobasher\ci4\system\View\View.php(432): CodeIgniter\View\View->render('layout/sidebar', NULL, true)
#3 F:\Projects\mobasher\ci4\app\Views\layout\templates.php(39): CodeIgniter\View\View->include('layout/sidebar')
#4 F:\Projects\mobasher\ci4\system\View\View.php(214): include('F:\\Projects\\mob...')
#5 F:\Projects\mobasher\ci4\system\View\View.php(217): CodeIgniter\View\View->CodeIgniter\View\{closure}()
#6 F:\Projects\mobasher\ci4\system\View\View.php(230): CodeIgniter\View\View->render('layout/template...', Array, true)
#7 F:\Projects\mobasher\ci4\system\Common.php(1092): CodeIgniter\View\View->render('dashboard/index', Array, true)
#8 F:\Projects\mobasher\ci4\app\Controllers\Dashboard.php(23): view('dashboard/index', Array)
#9 F:\Projects\mobasher\ci4\system\CodeIgniter.php(802): App\Controllers\Dashboard->index()
#10 F:\Projects\mobasher\ci4\system\CodeIgniter.php(399): CodeIgniter\CodeIgniter->runController(Object(App\Controllers\Dashboard))
#11 F:\Projects\mobasher\ci4\system\CodeIgniter.php(317): CodeIgniter\CodeIgniter->handleRequest(NULL, Object(Config\Cache), false)
#12 F:\Projects\mobasher\ci4\public\index.php(37): CodeIgniter\CodeIgniter->run()
#13 {main}
CRITICAL - 2021-09-13 16:32:35 --> Cannot use object of type stdClass as array
#0 F:\Projects\mobasher\ci4\system\View\View.php(214): include()
#1 F:\Projects\mobasher\ci4\system\View\View.php(217): CodeIgniter\View\View->CodeIgniter\View\{closure}()
#2 F:\Projects\mobasher\ci4\system\View\View.php(432): CodeIgniter\View\View->render('layout/sidebar', NULL, true)
#3 F:\Projects\mobasher\ci4\app\Views\layout\templates.php(39): CodeIgniter\View\View->include('layout/sidebar')
#4 F:\Projects\mobasher\ci4\system\View\View.php(214): include('F:\\Projects\\mob...')
#5 F:\Projects\mobasher\ci4\system\View\View.php(217): CodeIgniter\View\View->CodeIgniter\View\{closure}()
#6 F:\Projects\mobasher\ci4\system\View\View.php(230): CodeIgniter\View\View->render('layout/template...', Array, true)
#7 F:\Projects\mobasher\ci4\system\Common.php(1092): CodeIgniter\View\View->render('dashboard/index', Array, true)
#8 F:\Projects\mobasher\ci4\app\Controllers\Dashboard.php(23): view('dashboard/index', Array)
#9 F:\Projects\mobasher\ci4\system\CodeIgniter.php(802): App\Controllers\Dashboard->index()
#10 F:\Projects\mobasher\ci4\system\CodeIgniter.php(399): CodeIgniter\CodeIgniter->runController(Object(App\Controllers\Dashboard))
#11 F:\Projects\mobasher\ci4\system\CodeIgniter.php(317): CodeIgniter\CodeIgniter->handleRequest(NULL, Object(Config\Cache), false)
#12 F:\Projects\mobasher\ci4\public\index.php(37): CodeIgniter\CodeIgniter->run()
#13 {main}
CRITICAL - 2021-09-13 16:37:54 --> Object of type CodeIgniter\HTTP\RedirectResponse is not callable
#0 F:\Projects\mobasher\ci4\system\CodeIgniter.php(802): App\Controllers\Apartment->index()
#1 F:\Projects\mobasher\ci4\system\CodeIgniter.php(399): CodeIgniter\CodeIgniter->runController(Object(App\Controllers\Apartment))
#2 F:\Projects\mobasher\ci4\system\CodeIgniter.php(317): CodeIgniter\CodeIgniter->handleRequest(NULL, Object(Config\Cache), false)
#3 F:\Projects\mobasher\ci4\public\index.php(37): CodeIgniter\CodeIgniter->run()
#4 {main}
CRITICAL - 2021-09-13 16:39:01 --> Undefined variable $vaild
#0 F:\Projects\mobasher\ci4\app\Controllers\Apartment.php(36): CodeIgniter\Debug\Exceptions->errorHandler(2, 'Undefined varia...', 'F:\\Projects\\mob...', 36)
#1 F:\Projects\mobasher\ci4\system\CodeIgniter.php(802): App\Controllers\Apartment->index()
#2 F:\Projects\mobasher\ci4\system\CodeIgniter.php(399): CodeIgniter\CodeIgniter->runController(Object(App\Controllers\Apartment))
#3 F:\Projects\mobasher\ci4\system\CodeIgniter.php(317): CodeIgniter\CodeIgniter->handleRequest(NULL, Object(Config\Cache), false)
#4 F:\Projects\mobasher\ci4\public\index.php(37): CodeIgniter\CodeIgniter->run()
#5 {main}
CRITICAL - 2021-09-13 16:42:19 --> Array to string conversion
#0 F:\Projects\mobasher\ci4\app\Views\auth\login.php(65): CodeIgniter\Debug\Exceptions->errorHandler(2, 'Array to string...', 'F:\\Projects\\mob...', 65)
#1 F:\Projects\mobasher\ci4\system\View\View.php(214): include('F:\\Projects\\mob...')
#2 F:\Projects\mobasher\ci4\system\View\View.php(217): CodeIgniter\View\View->CodeIgniter\View\{closure}()
#3 F:\Projects\mobasher\ci4\system\Common.php(1092): CodeIgniter\View\View->render('auth/login', Array, true)
#4 F:\Projects\mobasher\ci4\app\Controllers\User.php(29): view('auth/login')
#5 F:\Projects\mobasher\ci4\system\CodeIgniter.php(802): App\Controllers\User->login()
#6 F:\Projects\mobasher\ci4\system\CodeIgniter.php(399): CodeIgniter\CodeIgniter->runController(Object(App\Controllers\User))
#7 F:\Projects\mobasher\ci4\system\CodeIgniter.php(317): CodeIgniter\CodeIgniter->handleRequest(NULL, Object(Config\Cache), false)
#8 F:\Projects\mobasher\ci4\public\index.php(37): CodeIgniter\CodeIgniter->run()
#9 {main}
